2022-08-19 09:12:14.848589: I tensorflow/stream_executor/platform/default/dso_loader.cc:53] Successfully opened dynamic library libcudart.so.11.0
WARNING:tensorflow:From /cm/shared/apps/anaconda3/lib/python3.8/site-packages/tensorflow/python/compat/v2_compat.py:96: disable_resource_variables (from tensorflow.python.ops.variable_scope) is deprecated and will be removed in a future version.
Instructions for updating:
non-resource variables are not supported in the long term
Arguments:
	       batch_size : 10
	clients_per_round : 10
	          dataset : synthetic_1_1
	     drop_percent : 0.0
	       eval_every : 1
	    learning_rate : 0.01
	            model : mclr
	     model_params : (10,)
	               mu : 0
	       num_epochs : 20
	        num_iters : 1
	       num_rounds : 200
	        optimizer : fedavg
	             seed : 0
Using Federated avg to Train
/cm/shared/apps/anaconda3/lib/python3.8/site-packages/tensorflow/python/keras/legacy_tf_layers/core.py:171: UserWarning: `tf.layers.dense` is deprecated and will be removed in a future version. Please use `tf.keras.layers.Dense` instead.
  warnings.warn('`tf.layers.dense` is deprecated and '
/cm/shared/apps/anaconda3/lib/python3.8/site-packages/tensorflow/python/keras/engine/base_layer_v1.py:1692: UserWarning: `layer.apply` is deprecated and will be removed in a future version. Please use `layer.__call__` method instead.
  warnings.warn('`layer.apply` is deprecated and '
2022-08-19 09:12:18.113561: I tensorflow/stream_executor/platform/default/dso_loader.cc:53] Successfully opened dynamic library libcuda.so.1
2022-08-19 09:12:18.502528: E tensorflow/stream_executor/cuda/cuda_driver.cc:328] failed call to cuInit: CUDA_ERROR_NO_DEVICE: no CUDA-capable device is detected
2022-08-19 09:12:18.502887: I tensorflow/stream_executor/cuda/cuda_diagnostics.cc:156] kernel driver does not appear to be running on this host (node03): /proc/driver/nvidia/version does not exist
2022-08-19 09:12:18.503295: I tensorflow/core/platform/cpu_feature_guard.cc:142] This TensorFlow binary is optimized with oneAPI Deep Neural Network Library (oneDNN) to use the following CPU instructions in performance-critical operations:  AVX2 AVX512F FMA
To enable them in other operations, rebuild TensorFlow with the appropriate compiler flags.
2022-08-19 09:12:18.510903: I tensorflow/core/platform/profile_utils/cpu_utils.cc:114] CPU Frequency: 2100000000 Hz
WARNING:tensorflow:From /cm/shared/apps/anaconda3/lib/python3.8/site-packages/tensorflow/python/profiler/internal/flops_registry.py:142: tensor_shape_from_node_def_name (from tensorflow.python.framework.graph_util_impl) is deprecated and will be removed in a future version.
Instructions for updating:
Use `tf.compat.v1.graph_util.tensor_shape_from_node_def_name`
Incomplete shape.
Incomplete shape.

=========================Options=============================
-max_depth                  10000
-min_bytes                  0
-min_peak_bytes             0
-min_residual_bytes         0
-min_output_bytes           0
-min_micros                 0
-min_accelerator_micros     0
-min_cpu_micros             0
-min_params                 0
-min_float_ops              1
-min_occurrence             0
-step                       -1
-order_by                   float_ops
-account_type_regexes       .*
-start_name_regexes         .*
-trim_name_regexes          
-show_name_regexes          .*
-hide_name_regexes          
-account_displayed_op_only  true
-select                     float_ops
-output                     stdout:

==================Model Analysis Report======================
Incomplete shape.
Incomplete shape.

Doc:
scope: The nodes in the model graph are organized by their names, which is hierarchical like filesystem.
flops: Number of float operations. Note: Please read the implementation for the math behind it.

Profile:
node name | # float_ops
_TFProfRoot (--/2.40k flops)
  dense/kernel/Initializer/random_uniform (600/1.20k flops)
    dense/kernel/Initializer/random_uniform/mul (600/600 flops)
    dense/kernel/Initializer/random_uniform/sub (1/1 flops)
  dense/kernel/Regularizer/Square (600/600 flops)
  dense/kernel/Regularizer/Sum (599/599 flops)
  dense/kernel/Regularizer/mul (1/1 flops)
  gradients/sparse_softmax_cross_entropy_loss/value_grad/Neg (1/1 flops)
  gradients/sparse_softmax_cross_entropy_loss/value_grad/mul (1/1 flops)
  sparse_softmax_cross_entropy_loss/num_present/Equal (1/1 flops)

======================End of Report==========================
30 Clients in Total
Training with 10 workers ---
WARNING:tensorflow:From /home/aig/NailIt/FedProx/flearn/models/synthetic/mclr.py:58: Variable.load (from tensorflow.python.ops.variables) is deprecated and will be removed in a future version.
Instructions for updating:
Prefer Variable.assign which has equivalent behavior in 2.X.
At round 0 accuracy: 0.035977859778597784
At round 0 training accuracy: 0.035104166666666665
At round 0 training loss: 4.849575142326454
At round 1 accuracy: 0.09225092250922509
At round 1 training accuracy: 0.09614583333333333
At round 1 training loss: 5.285886209818224
At round 2 accuracy: 0.09870848708487084
At round 2 training accuracy: 0.105625
At round 2 training loss: 5.5445933749402565
At round 3 accuracy: 0.12638376383763839
At round 3 training accuracy: 0.12479166666666666
At round 3 training loss: 5.256319021905462
At round 4 accuracy: 0.47509225092250923
At round 4 training accuracy: 0.513125
At round 4 training loss: 1.706315770484507
At round 5 accuracy: 0.5175276752767528
At round 5 training accuracy: 0.5489583333333333
At round 5 training loss: 2.040178262054299
At round 6 accuracy: 0.4797047970479705
At round 6 training accuracy: 0.5204166666666666
At round 6 training loss: 1.869394025541842
At round 7 accuracy: 0.5507380073800738
At round 7 training accuracy: 0.5851041666666666
At round 7 training loss: 1.465141066632544
At round 8 accuracy: 0.37177121771217714
At round 8 training accuracy: 0.39739583333333334
At round 8 training loss: 1.6958059220636885
At round 9 accuracy: 0.5498154981549815
At round 9 training accuracy: 0.5811458333333334
At round 9 training loss: 1.6824695132300258
At round 10 accuracy: 0.5793357933579336
At round 10 training accuracy: 0.6141666666666666
At round 10 training loss: 1.4804494029966493
At round 11 accuracy: 0.5802583025830258
At round 11 training accuracy: 0.6155208333333333
At round 11 training loss: 1.429741205945611
At round 12 accuracy: 0.5378228782287823
At round 12 training accuracy: 0.5263541666666667
At round 12 training loss: 1.7681739911002416
At round 13 accuracy: 0.5507380073800738
At round 13 training accuracy: 0.5930208333333333
At round 13 training loss: 1.7786154788235824
At round 14 accuracy: 0.566420664206642
At round 14 training accuracy: 0.5984375
At round 14 training loss: 1.8664312761866797
At round 15 accuracy: 0.507380073800738
At round 15 training accuracy: 0.5377083333333333
At round 15 training loss: 2.061707729225357
At round 16 accuracy: 0.4188191881918819
At round 16 training accuracy: 0.4401041666666667
At round 16 training loss: 2.6202732721576467
At round 17 accuracy: 0.41420664206642066
At round 17 training accuracy: 0.4340625
At round 17 training loss: 2.5733413815808794
At round 18 accuracy: 0.4280442804428044
At round 18 training accuracy: 0.44979166666666665
At round 18 training loss: 2.284494819183213
At round 19 accuracy: 0.4188191881918819
At round 19 training accuracy: 0.434375
At round 19 training loss: 2.5516483408864588
At round 20 accuracy: 0.4215867158671587
At round 20 training accuracy: 0.44427083333333334
At round 20 training loss: 2.2891656921772907
At round 21 accuracy: 0.42343173431734316
At round 21 training accuracy: 0.4478125
At round 21 training loss: 2.261636005571733
At round 22 accuracy: 0.4289667896678967
At round 22 training accuracy: 0.45677083333333335
At round 22 training loss: 2.576474558326105
At round 23 accuracy: 0.5507380073800738
At round 23 training accuracy: 0.5739583333333333
At round 23 training loss: 1.581212432567651
At round 24 accuracy: 0.5839483394833949
At round 24 training accuracy: 0.6102083333333334
At round 24 training loss: 1.625440825028345
At round 25 accuracy: 0.5950184501845018
At round 25 training accuracy: 0.6066666666666667
At round 25 training loss: 1.5397470336562644
At round 26 accuracy: 0.6079335793357934
At round 26 training accuracy: 0.6314583333333333
At round 26 training loss: 1.4269291211711244
At round 27 accuracy: 0.5876383763837638
At round 27 training accuracy: 0.58875
At round 27 training loss: 1.4662307438704496
At round 28 accuracy: 0.5802583025830258
At round 28 training accuracy: 0.580625
At round 28 training loss: 1.6018290373807151
At round 29 accuracy: 0.5507380073800738
At round 29 training accuracy: 0.5380208333333333
At round 29 training loss: 1.6459242112174008
At round 30 accuracy: 0.584870848708487
At round 30 training accuracy: 0.5875
At round 30 training loss: 1.4713796798434728
At round 31 accuracy: 0.5996309963099631
At round 31 training accuracy: 0.6273958333333334
At round 31 training loss: 1.506227992400527
At round 32 accuracy: 0.6023985239852399
At round 32 training accuracy: 0.6232291666666666
At round 32 training loss: 1.5676461051792527
At round 33 accuracy: 0.5913284132841329
At round 33 training accuracy: 0.6133333333333333
At round 33 training loss: 1.6309638652329643
At round 34 accuracy: 0.5876383763837638
At round 34 training accuracy: 0.6176041666666666
At round 34 training loss: 1.64605550513758
At round 35 accuracy: 0.5913284132841329
At round 35 training accuracy: 0.6179166666666667
At round 35 training loss: 1.6740896723264207
At round 36 accuracy: 0.5230627306273062
At round 36 training accuracy: 0.5092708333333333
At round 36 training loss: 1.8484897780480485
At round 37 accuracy: 0.5940959409594095
At round 37 training accuracy: 0.6088541666666667
At round 37 training loss: 1.620294601599065
At round 38 accuracy: 0.4797047970479705
At round 38 training accuracy: 0.4721875
At round 38 training loss: 2.101906763698595
At round 39 accuracy: 0.466789667896679
At round 39 training accuracy: 0.46
At round 39 training loss: 2.234658869172757
At round 40 accuracy: 0.6070110701107011
At round 40 training accuracy: 0.6405208333333333
At round 40 training loss: 1.5351809725506853
At round 41 accuracy: 0.6051660516605166
At round 41 training accuracy: 0.6377083333333333
At round 41 training loss: 1.5725705981782327
At round 42 accuracy: 0.6097785977859779
At round 42 training accuracy: 0.6328125
At round 42 training loss: 1.5917845106932025
At round 43 accuracy: 0.5996309963099631
At round 43 training accuracy: 0.6338541666666667
At round 43 training loss: 1.6122707525112976
At round 44 accuracy: 0.6014760147601476
At round 44 training accuracy: 0.6152083333333334
At round 44 training loss: 1.5436835582274944
At round 45 accuracy: 0.4621771217712177
At round 45 training accuracy: 0.47708333333333336
At round 45 training loss: 2.2194148702624563
At round 46 accuracy: 0.46863468634686345
At round 46 training accuracy: 0.4934375
At round 46 training loss: 2.001671851654537
At round 47 accuracy: 0.4640221402214022
At round 47 training accuracy: 0.491875
At round 47 training loss: 2.0275374047225343
At round 48 accuracy: 0.5821033210332104
At round 48 training accuracy: 0.6036458333333333
At round 48 training loss: 1.5020485035904372
At round 49 accuracy: 0.5987084870848709
At round 49 training accuracy: 0.6377083333333333
At round 49 training loss: 1.4634465714621667
At round 50 accuracy: 0.6116236162361623
At round 50 training accuracy: 0.6402083333333334
At round 50 training loss: 1.4872964444352934
At round 51 accuracy: 0.6107011070110702
At round 51 training accuracy: 0.6233333333333333
At round 51 training loss: 1.4745604003050055
At round 52 accuracy: 0.6153136531365314
At round 52 training accuracy: 0.6442708333333333
At round 52 training loss: 1.4629300042940303
At round 53 accuracy: 0.6180811808118081
At round 53 training accuracy: 0.6447916666666667
At round 53 training loss: 1.4776255569964027
At round 54 accuracy: 0.6208487084870848
At round 54 training accuracy: 0.6446875
At round 54 training loss: 1.4856271234542753
At round 55 accuracy: 0.6162361623616236
At round 55 training accuracy: 0.6496875
At round 55 training loss: 1.4401635634868095
At round 56 accuracy: 0.6180811808118081
At round 56 training accuracy: 0.6444791666666667
At round 56 training loss: 1.3901069336244836
At round 57 accuracy: 0.6236162361623616
At round 57 training accuracy: 0.6351041666666667
At round 57 training loss: 1.3771179874443138
At round 58 accuracy: 0.6300738007380073
At round 58 training accuracy: 0.6398958333333333
At round 58 training loss: 1.3524450518656521
At round 59 accuracy: 0.6060885608856088
At round 59 training accuracy: 0.6013541666666666
At round 59 training loss: 1.4865297661131869
At round 60 accuracy: 0.6107011070110702
At round 60 training accuracy: 0.5971875
At round 60 training loss: 1.467897636455794
At round 61 accuracy: 0.5959409594095941
At round 61 training accuracy: 0.5842708333333333
At round 61 training loss: 1.4728321388255183
At round 62 accuracy: 0.6226937269372693
At round 62 training accuracy: 0.6266666666666667
At round 62 training loss: 1.3134504096598054
At round 63 accuracy: 0.6134686346863468
At round 63 training accuracy: 0.6123958333333334
At round 63 training loss: 1.317241645984662
At round 64 accuracy: 0.6429889298892989
At round 64 training accuracy: 0.67
At round 64 training loss: 1.2421903009650608
At round 65 accuracy: 0.6411439114391144
At round 65 training accuracy: 0.6611458333333333
At round 65 training loss: 1.2899544376522925
At round 66 accuracy: 0.6309963099630996
At round 66 training accuracy: 0.6309375
At round 66 training loss: 1.2960700222368662
At round 67 accuracy: 0.6448339483394834
At round 67 training accuracy: 0.6678125
At round 67 training loss: 1.1998871545897176
At round 68 accuracy: 0.6337638376383764
At round 68 training accuracy: 0.660625
At round 68 training loss: 1.1620177414485564
At round 69 accuracy: 0.6300738007380073
At round 69 training accuracy: 0.6629166666666667
At round 69 training loss: 1.139749147615706
At round 70 accuracy: 0.6383763837638377
At round 70 training accuracy: 0.6628125
At round 70 training loss: 1.1967422646842898
At round 71 accuracy: 0.6180811808118081
At round 71 training accuracy: 0.6269791666666666
At round 71 training loss: 1.2962267212973286
At round 72 accuracy: 0.6356088560885609
At round 72 training accuracy: 0.67
At round 72 training loss: 1.229428390522177
At round 73 accuracy: 0.6300738007380073
At round 73 training accuracy: 0.6459375
At round 73 training loss: 1.2412384615698828
At round 74 accuracy: 0.6134686346863468
At round 74 training accuracy: 0.620625
At round 74 training loss: 1.2739268342607344
At round 75 accuracy: 0.5830258302583026
At round 75 training accuracy: 0.605
At round 75 training loss: 1.2509810021022956
At round 76 accuracy: 0.5922509225092251
At round 76 training accuracy: 0.6186458333333333
At round 76 training loss: 1.2507072033608952
At round 77 accuracy: 0.5341328413284133
At round 77 training accuracy: 0.5580208333333333
At round 77 training loss: 1.4379255878909802
At round 78 accuracy: 0.6273062730627307
At round 78 training accuracy: 0.6582291666666666
At round 78 training loss: 1.1764281316986307
At round 79 accuracy: 0.6411439114391144
At round 79 training accuracy: 0.6690625
At round 79 training loss: 1.1739837301895022
At round 80 accuracy: 0.6365313653136532
At round 80 training accuracy: 0.6776041666666667
At round 80 training loss: 1.1392988535218562
At round 81 accuracy: 0.4981549815498155
At round 81 training accuracy: 0.5245833333333333
At round 81 training loss: 1.7048055596463383
At round 82 accuracy: 0.5608856088560885
At round 82 training accuracy: 0.5878125
At round 82 training loss: 1.347656065497237
At round 83 accuracy: 0.6217712177121771
At round 83 training accuracy: 0.6417708333333333
At round 83 training loss: 1.2218581878207624
At round 84 accuracy: 0.6392988929889298
At round 84 training accuracy: 0.6782291666666667
At round 84 training loss: 1.16024478052898
At round 85 accuracy: 0.6383763837638377
At round 85 training accuracy: 0.678125
At round 85 training loss: 1.1748844001969942
At round 86 accuracy: 0.6485239852398524
At round 86 training accuracy: 0.6805208333333334
At round 86 training loss: 1.148903971662124
At round 87 accuracy: 0.6540590405904059
At round 87 training accuracy: 0.6877083333333334
At round 87 training loss: 1.1223030500703801
At round 88 accuracy: 0.566420664206642
At round 88 training accuracy: 0.5848958333333333
At round 88 training loss: 1.3220836757853007
At round 89 accuracy: 0.577490774907749
At round 89 training accuracy: 0.59625
At round 89 training loss: 1.2819573126810913
At round 90 accuracy: 0.5959409594095941
At round 90 training accuracy: 0.6204166666666666
At round 90 training loss: 1.1879025772881384
At round 91 accuracy: 0.5119926199261993
At round 91 training accuracy: 0.5375
At round 91 training loss: 1.5761169212730601
At round 92 accuracy: 0.6374538745387454
At round 92 training accuracy: 0.6760416666666667
At round 92 training loss: 1.0666985605750232
At round 93 accuracy: 0.6291512915129152
At round 93 training accuracy: 0.6344791666666667
At round 93 training loss: 1.1316271088893215
At round 94 accuracy: 0.6485239852398524
At round 94 training accuracy: 0.6654166666666667
At round 94 training loss: 1.0413568111912659
At round 95 accuracy: 0.6439114391143912
At round 95 training accuracy: 0.6590625
At round 95 training loss: 1.0382068347341071
At round 96 accuracy: 0.6143911439114391
At round 96 training accuracy: 0.6079166666666667
At round 96 training loss: 1.1710125610387574
At round 97 accuracy: 0.6411439114391144
At round 97 training accuracy: 0.645625
At round 97 training loss: 1.0627324697126945
At round 98 accuracy: 0.6669741697416974
At round 98 training accuracy: 0.6952083333333333
At round 98 training loss: 0.9893310604244471
At round 99 accuracy: 0.6402214022140221
At round 99 training accuracy: 0.6444791666666667
At round 99 training loss: 1.1156454071340463
At round 100 accuracy: 0.6614391143911439
At round 100 training accuracy: 0.6780208333333333
At round 100 training loss: 1.0696104892436415
At round 101 accuracy: 0.6365313653136532
At round 101 training accuracy: 0.6434375
At round 101 training loss: 1.134827054962516
At round 102 accuracy: 0.6273062730627307
At round 102 training accuracy: 0.6190625
At round 102 training loss: 1.1982560097953925
At round 103 accuracy: 0.6632841328413284
At round 103 training accuracy: 0.6895833333333333
At round 103 training loss: 1.0173147082515062
At round 104 accuracy: 0.6346863468634686
At round 104 training accuracy: 0.6398958333333333
At round 104 training loss: 1.1407037699067344
At round 105 accuracy: 0.6559040590405905
At round 105 training accuracy: 0.6951041666666666
At round 105 training loss: 1.0586386817942064
At round 106 accuracy: 0.6642066420664207
At round 106 training accuracy: 0.6859375
At round 106 training loss: 1.054335797689855
At round 107 accuracy: 0.6485239852398524
At round 107 training accuracy: 0.68375
At round 107 training loss: 1.0789202618133276
At round 108 accuracy: 0.5830258302583026
At round 108 training accuracy: 0.6057291666666667
At round 108 training loss: 1.2535707151051612
At round 109 accuracy: 0.6549815498154982
At round 109 training accuracy: 0.6888541666666667
At round 109 training loss: 1.062048876453191
At round 110 accuracy: 0.6559040590405905
At round 110 training accuracy: 0.6896875
At round 110 training loss: 1.0478158607861647
At round 111 accuracy: 0.551660516605166
At round 111 training accuracy: 0.5470833333333334
At round 111 training loss: 1.5054667531512678
At round 112 accuracy: 0.6688191881918819
At round 112 training accuracy: 0.6898958333333334
At round 112 training loss: 1.0419820674291502
At round 113 accuracy: 0.6614391143911439
At round 113 training accuracy: 0.6919791666666667
At round 113 training loss: 1.0400550174775223
At round 114 accuracy: 0.6208487084870848
At round 114 training accuracy: 0.6359375
At round 114 training loss: 1.147495447541587
At round 115 accuracy: 0.6411439114391144
At round 115 training accuracy: 0.65375
At round 115 training loss: 1.1222204083840672
At round 116 accuracy: 0.6337638376383764
At round 116 training accuracy: 0.649375
At round 116 training loss: 1.11395276292072
At round 117 accuracy: 0.6494464944649446
At round 117 training accuracy: 0.6785416666666667
At round 117 training loss: 1.0732022381046167
At round 118 accuracy: 0.6522140221402214
At round 118 training accuracy: 0.6652083333333333
At round 118 training loss: 1.074921857706892
At round 119 accuracy: 0.6328413284132841
At round 119 training accuracy: 0.6183333333333333
At round 119 training loss: 1.1924337632240107
At round 120 accuracy: 0.6568265682656826
At round 120 training accuracy: 0.6735416666666667
At round 120 training loss: 1.0442636245799561
At round 121 accuracy: 0.6568265682656826
At round 121 training accuracy: 0.6745833333333333
At round 121 training loss: 1.0432776593929156
At round 122 accuracy: 0.6226937269372693
At round 122 training accuracy: 0.615
At round 122 training loss: 1.1945536561993262
At round 123 accuracy: 0.6153136531365314
At round 123 training accuracy: 0.641875
At round 123 training loss: 1.0859410050744192
At round 124 accuracy: 0.5793357933579336
At round 124 training accuracy: 0.5965625
At round 124 training loss: 1.218609349282148
At round 125 accuracy: 0.5802583025830258
At round 125 training accuracy: 0.5963541666666666
At round 125 training loss: 1.2131894574376445
At round 126 accuracy: 0.5285977859778598
At round 126 training accuracy: 0.5520833333333334
At round 126 training loss: 1.4694485697367539
At round 127 accuracy: 0.5166051660516605
At round 127 training accuracy: 0.538125
At round 127 training loss: 1.6787620749262473
At round 128 accuracy: 0.5018450184501845
At round 128 training accuracy: 0.5241666666666667
At round 128 training loss: 2.121051489044912
At round 129 accuracy: 0.49723247232472323
At round 129 training accuracy: 0.5257291666666667
At round 129 training loss: 2.6149556661987057
At round 130 accuracy: 0.6033210332103321
At round 130 training accuracy: 0.6240625
At round 130 training loss: 1.1092645772220566
At round 131 accuracy: 0.6494464944649446
At round 131 training accuracy: 0.6591666666666667
At round 131 training loss: 1.0075257031526417
At round 132 accuracy: 0.6669741697416974
At round 132 training accuracy: 0.690625
At round 132 training loss: 0.9765461880387738
At round 133 accuracy: 0.6512915129151291
At round 133 training accuracy: 0.6639583333333333
At round 133 training loss: 1.0212189611544211
At round 134 accuracy: 0.6660516605166051
At round 134 training accuracy: 0.6853125
At round 134 training loss: 0.9797950817241023
At round 135 accuracy: 0.6752767527675276
At round 135 training accuracy: 0.6963541666666667
At round 135 training loss: 0.9509901078247155
At round 136 accuracy: 0.6134686346863468
At round 136 training accuracy: 0.6386458333333334
At round 136 training loss: 1.0995807313375796
At round 137 accuracy: 0.6217712177121771
At round 137 training accuracy: 0.6498958333333333
At round 137 training loss: 1.0636791701707988
At round 138 accuracy: 0.6522140221402214
At round 138 training accuracy: 0.6697916666666667
At round 138 training loss: 1.011962677782091
At round 139 accuracy: 0.6669741697416974
At round 139 training accuracy: 0.7036458333333333
At round 139 training loss: 0.9623477578458066
At round 140 accuracy: 0.6789667896678967
At round 140 training accuracy: 0.6951041666666666
At round 140 training loss: 0.9712075451606264
At round 141 accuracy: 0.5913284132841329
At round 141 training accuracy: 0.6048958333333333
At round 141 training loss: 1.1744463432378447
At round 142 accuracy: 0.6097785977859779
At round 142 training accuracy: 0.6269791666666666
At round 142 training loss: 1.1028770948170374
At round 143 accuracy: 0.5341328413284133
At round 143 training accuracy: 0.553125
At round 143 training loss: 1.57829233112745
At round 144 accuracy: 0.5968634686346863
At round 144 training accuracy: 0.615
At round 144 training loss: 1.1262049614979575
At round 145 accuracy: 0.6577490774907749
At round 145 training accuracy: 0.6765625
At round 145 training loss: 0.9741754145532225
At round 146 accuracy: 0.6642066420664207
At round 146 training accuracy: 0.6867708333333333
At round 146 training loss: 0.9435835770781462
At round 147 accuracy: 0.6808118081180812
At round 147 training accuracy: 0.714375
At round 147 training loss: 0.8960967648137982
At round 148 accuracy: 0.5913284132841329
At round 148 training accuracy: 0.6142708333333333
At round 148 training loss: 1.1570090827532113
At round 149 accuracy: 0.6706642066420664
At round 149 training accuracy: 0.6978125
At round 149 training loss: 0.9493944445547338
At round 150 accuracy: 0.6771217712177122
At round 150 training accuracy: 0.7122916666666667
At round 150 training loss: 0.9091616931883618
At round 151 accuracy: 0.6476014760147601
At round 151 training accuracy: 0.634375
At round 151 training loss: 1.1217423521913588
At round 152 accuracy: 0.6706642066420664
At round 152 training accuracy: 0.7048958333333334
At round 152 training loss: 0.9691610387976591
At round 153 accuracy: 0.6826568265682657
At round 153 training accuracy: 0.7129166666666666
At round 153 training loss: 0.9708300605493908
At round 154 accuracy: 0.6863468634686347
At round 154 training accuracy: 0.70875
At round 154 training loss: 0.9853232867922634
At round 155 accuracy: 0.6190036900369004
At round 155 training accuracy: 0.6378125
At round 155 training loss: 1.1503282417481144
At round 156 accuracy: 0.6817343173431735
At round 156 training accuracy: 0.709375
At round 156 training loss: 0.9776656773298358
At round 157 accuracy: 0.5562730627306273
At round 157 training accuracy: 0.5828125
At round 157 training loss: 1.4076402850619827
At round 158 accuracy: 0.6798892988929889
At round 158 training accuracy: 0.6971875
At round 158 training loss: 0.9864321376662701
At round 159 accuracy: 0.6632841328413284
At round 159 training accuracy: 0.6925
At round 159 training loss: 1.0159020545162882
At round 160 accuracy: 0.6494464944649446
At round 160 training accuracy: 0.6657291666666667
At round 160 training loss: 1.0434044375348215
At round 161 accuracy: 0.6642066420664207
At round 161 training accuracy: 0.6979166666666666
At round 161 training loss: 0.9573599285927291
At round 162 accuracy: 0.6900369003690037
At round 162 training accuracy: 0.7209375
At round 162 training loss: 0.9060590367795278
At round 163 accuracy: 0.6881918819188192
At round 163 training accuracy: 0.7203125
At round 163 training loss: 0.9324478861317038
At round 164 accuracy: 0.6946494464944649
At round 164 training accuracy: 0.72125
At round 164 training loss: 0.9106609154461572
At round 165 accuracy: 0.6955719557195572
At round 165 training accuracy: 0.7266666666666667
At round 165 training loss: 0.9210826556229343
At round 166 accuracy: 0.5959409594095941
At round 166 training accuracy: 0.6170833333333333
At round 166 training loss: 1.1933668797866752
At round 167 accuracy: 0.5627306273062731
At round 167 training accuracy: 0.5929166666666666
At round 167 training loss: 1.322806881542007
At round 168 accuracy: 0.6881918819188192
At round 168 training accuracy: 0.7227083333333333
At round 168 training loss: 0.9187964419803272
At round 169 accuracy: 0.6928044280442804
At round 169 training accuracy: 0.7205208333333334
At round 169 training loss: 0.9177757976731906
At round 170 accuracy: 0.6928044280442804
At round 170 training accuracy: 0.7222916666666667
At round 170 training loss: 0.9123173549460868
At round 171 accuracy: 0.5378228782287823
At round 171 training accuracy: 0.5572916666666666
At round 171 training loss: 1.664767796625383
At round 172 accuracy: 0.5470479704797048
At round 172 training accuracy: 0.566875
At round 172 training loss: 1.507318134837163
At round 173 accuracy: 0.5461254612546126
At round 173 training accuracy: 0.5685416666666666
At round 173 training loss: 1.4441038692742587
At round 174 accuracy: 0.544280442804428
At round 174 training accuracy: 0.5686458333333333
At round 174 training loss: 1.4783875908097253
At round 175 accuracy: 0.5202952029520295
At round 175 training accuracy: 0.5438541666666666
At round 175 training loss: 2.130039207832888
At round 176 accuracy: 0.6715867158671587
At round 176 training accuracy: 0.705
At round 176 training loss: 0.9215298425142343
At round 177 accuracy: 0.566420664206642
At round 177 training accuracy: 0.5853125
At round 177 training loss: 1.3206487759342418
At round 178 accuracy: 0.5479704797047971
At round 178 training accuracy: 0.5723958333333333
At round 178 training loss: 1.4257546350639314
At round 179 accuracy: 0.5295202952029521
At round 179 training accuracy: 0.5527083333333334
At round 179 training loss: 1.8899324835464357
At round 180 accuracy: 0.5193726937269373
At round 180 training accuracy: 0.5445833333333333
At round 180 training loss: 2.64209135989969
At round 181 accuracy: 0.5433579335793358
At round 181 training accuracy: 0.5671875
At round 181 training loss: 1.5010229034349323
At round 182 accuracy: 0.5627306273062731
At round 182 training accuracy: 0.5892708333333333
At round 182 training loss: 1.2575402602584411
At round 183 accuracy: 0.6964944649446494
At round 183 training accuracy: 0.7204166666666667
At round 183 training loss: 0.8442852360475809
At round 184 accuracy: 0.6743542435424354
At round 184 training accuracy: 0.6789583333333333
At round 184 training loss: 0.9221522372464339
At round 185 accuracy: 0.6595940959409594
At round 185 training accuracy: 0.65125
At round 185 training loss: 0.9910932545239727
At round 186 accuracy: 0.6863468634686347
At round 186 training accuracy: 0.705
At round 186 training loss: 0.8606741546466946
At round 187 accuracy: 0.6964944649446494
At round 187 training accuracy: 0.7311458333333334
At round 187 training loss: 0.8438633230235427
At round 188 accuracy: 0.6854243542435424
At round 188 training accuracy: 0.7129166666666666
At round 188 training loss: 0.847214398868382
At round 189 accuracy: 0.6854243542435424
At round 189 training accuracy: 0.7211458333333334
At round 189 training loss: 0.8622246442393711
At round 190 accuracy: 0.6826568265682657
At round 190 training accuracy: 0.703125
At round 190 training loss: 0.887405809223031
At round 191 accuracy: 0.6568265682656826
At round 191 training accuracy: 0.6802083333333333
At round 191 training loss: 0.9647545786729703
At round 192 accuracy: 0.6162361623616236
At round 192 training accuracy: 0.6333333333333333
At round 192 training loss: 1.0954501868070414
At round 193 accuracy: 0.6928044280442804
At round 193 training accuracy: 0.7298958333333333
At round 193 training loss: 0.872042828494062
At round 194 accuracy: 0.6964944649446494
At round 194 training accuracy: 0.7270833333333333
At round 194 training loss: 0.8943067883172383
At round 195 accuracy: 0.6900369003690037
At round 195 training accuracy: 0.7223958333333333
At round 195 training loss: 0.9197699901058028
At round 196 accuracy: 0.6439114391143912
At round 196 training accuracy: 0.6710416666666666
At round 196 training loss: 1.015520658812796
At round 197 accuracy: 0.6079335793357934
At round 197 training accuracy: 0.62875
At round 197 training loss: 1.1304889597464354
At round 198 accuracy: 0.5433579335793358
At round 198 training accuracy: 0.5713541666666667
At round 198 training loss: 1.4957851091213525
At round 199 accuracy: 0.6964944649446494
At round 199 training accuracy: 0.7220833333333333
At round 199 training loss: 0.8882428714788209
At round 200 accuracy: 0.6743542435424354
At round 200 training accuracy: 0.6921875
