2022-08-19 10:11:49.187047: I tensorflow/stream_executor/platform/default/dso_loader.cc:49] Successfully opened dynamic library libcudart.so.10.1
/home/aig/.conda/envs/prox/lib/python3.9/site-packages/scipy/__init__.py:146: UserWarning: A NumPy version >=1.16.5 and <1.23.0 is required for this version of SciPy (detected version 1.23.1
  warnings.warn(f"A NumPy version >={np_minversion} and <{np_maxversion}"
WARNING:tensorflow:From /home/aig/.conda/envs/prox/lib/python3.9/site-packages/tensorflow/python/compat/v2_compat.py:96: disable_resource_variables (from tensorflow.python.ops.variable_scope) is deprecated and will be removed in a future version.
Instructions for updating:
non-resource variables are not supported in the long term
Arguments:
	       batch_size : 10
	clients_per_round : 10
	          dataset : synthetic_1_1
	     drop_percent : 0.5
	       eval_every : 1
	    learning_rate : 0.01
	            model : mclr
	     model_params : (10,)
	               mu : 0
	       num_epochs : 20
	        num_iters : 1
	       num_rounds : 200
	        optimizer : fedavg
	             seed : 0
Using Federated avg to Train
/home/aig/.conda/envs/prox/lib/python3.9/site-packages/tensorflow/python/keras/legacy_tf_layers/core.py:171: UserWarning: `tf.layers.dense` is deprecated and will be removed in a future version. Please use `tf.keras.layers.Dense` instead.
  warnings.warn('`tf.layers.dense` is deprecated and '
/home/aig/.conda/envs/prox/lib/python3.9/site-packages/tensorflow/python/keras/engine/base_layer_v1.py:1719: UserWarning: `layer.apply` is deprecated and will be removed in a future version. Please use `layer.__call__` method instead.
  warnings.warn('`layer.apply` is deprecated and '
2022-08-19 10:11:51.381104: I tensorflow/compiler/jit/xla_cpu_device.cc:41] Not creating XLA devices, tf_xla_enable_xla_devices not set
2022-08-19 10:11:51.382105: I tensorflow/stream_executor/platform/default/dso_loader.cc:49] Successfully opened dynamic library libcuda.so.1
2022-08-19 10:11:51.767556: E tensorflow/stream_executor/cuda/cuda_driver.cc:328] failed call to cuInit: CUDA_ERROR_NO_DEVICE: no CUDA-capable device is detected
2022-08-19 10:11:51.767602: I tensorflow/stream_executor/cuda/cuda_diagnostics.cc:156] kernel driver does not appear to be running on this host (node03): /proc/driver/nvidia/version does not exist
2022-08-19 10:11:51.767907: I tensorflow/core/platform/cpu_feature_guard.cc:142] This TensorFlow binary is optimized with oneAPI Deep Neural Network Library (oneDNN) to use the following CPU instructions in performance-critical operations:  SSE4.1 SSE4.2 AVX AVX2 AVX512F FMA
To enable them in other operations, rebuild TensorFlow with the appropriate compiler flags.
2022-08-19 10:11:51.767994: I tensorflow/compiler/jit/xla_gpu_device.cc:99] Not creating XLA devices, tf_xla_enable_xla_devices not set
2022-08-19 10:11:51.769676: I tensorflow/compiler/mlir/mlir_graph_optimization_pass.cc:196] None of the MLIR optimization passes are enabled (registered 0 passes)
2022-08-19 10:11:51.770959: I tensorflow/core/platform/profile_utils/cpu_utils.cc:112] CPU Frequency: 2100000000 Hz
WARNING:tensorflow:From /home/aig/.conda/envs/prox/lib/python3.9/site-packages/tensorflow/python/profiler/internal/flops_registry.py:142: tensor_shape_from_node_def_name (from tensorflow.python.framework.graph_util_impl) is deprecated and will be removed in a future version.
Instructions for updating:
Use `tf.compat.v1.graph_util.tensor_shape_from_node_def_name`
Incomplete shape.
Incomplete shape.

=========================Options=============================
-max_depth                  10000
-min_bytes                  0
-min_peak_bytes             0
-min_residual_bytes         0
-min_output_bytes           0
-min_micros                 0
-min_accelerator_micros     0
-min_cpu_micros             0
-min_params                 0
-min_float_ops              1
-min_occurrence             0
-step                       -1
-order_by                   float_ops
-account_type_regexes       .*
-start_name_regexes         .*
-trim_name_regexes          
-show_name_regexes          .*
-hide_name_regexes          
-account_displayed_op_only  true
-select                     float_ops
-output                     stdout:

==================Model Analysis Report======================
Incomplete shape.
Incomplete shape.

Doc:
scope: The nodes in the model graph are organized by their names, which is hierarchical like filesystem.
flops: Number of float operations. Note: Please read the implementation for the math behind it.

Profile:
node name | # float_ops
_TFProfRoot (--/2.40k flops)
  dense/kernel/Initializer/random_uniform (600/1.20k flops)
    dense/kernel/Initializer/random_uniform/mul (600/600 flops)
    dense/kernel/Initializer/random_uniform/sub (1/1 flops)
  dense/kernel/Regularizer/Square (600/600 flops)
  dense/kernel/Regularizer/Sum (599/599 flops)
  dense/kernel/Regularizer/mul (1/1 flops)
  gradients/sparse_softmax_cross_entropy_loss/value_grad/Neg (1/1 flops)
  gradients/sparse_softmax_cross_entropy_loss/value_grad/mul (1/1 flops)
  sparse_softmax_cross_entropy_loss/num_present/Equal (1/1 flops)

======================End of Report==========================
30 Clients in Total
Training with 10 workers ---
WARNING:tensorflow:From /home/aig/NailIt/FedProx/flearn/models/synthetic/mclr.py:58: Variable.load (from tensorflow.python.ops.variables) is deprecated and will be removed in a future version.
Instructions for updating:
Prefer Variable.assign which has equivalent behavior in 2.X.
At round 0 accuracy: 0.035977859778597784
At round 0 training accuracy: 0.035104166666666665
At round 0 training loss: 4.849575695159535
At round 1 accuracy: 0.0470479704797048
At round 1 training accuracy: 0.0525
At round 1 training loss: 4.980686522958179
At round 2 accuracy: 0.05904059040590406
At round 2 training accuracy: 0.06197916666666667
At round 2 training loss: 5.156104847975075
At round 3 accuracy: 0.07933579335793357
At round 3 training accuracy: 0.08364583333333334
At round 3 training loss: 5.187444958755125
At round 4 accuracy: 0.08025830258302583
At round 4 training accuracy: 0.08302083333333334
At round 4 training loss: 6.205745758737127
At round 5 accuracy: 0.44095940959409596
At round 5 training accuracy: 0.48020833333333335
At round 5 training loss: 1.91795157291616
At round 6 accuracy: 0.3773062730627306
At round 6 training accuracy: 0.40822916666666664
At round 6 training loss: 2.0057506769833466
At round 7 accuracy: 0.5415129151291513
At round 7 training accuracy: 0.5782291666666667
At round 7 training loss: 1.4702491515750686
At round 8 accuracy: 0.17804428044280443
At round 8 training accuracy: 0.19010416666666666
At round 8 training loss: 2.0599165740484993
At round 9 accuracy: 0.14022140221402213
At round 9 training accuracy: 0.14302083333333335
At round 9 training loss: 2.2054676264400284
At round 10 accuracy: 0.12361623616236163
At round 10 training accuracy: 0.1328125
At round 10 training loss: 2.980962599925697
At round 11 accuracy: 0.13284132841328414
At round 11 training accuracy: 0.13677083333333334
At round 11 training loss: 3.5287846995082996
At round 12 accuracy: 0.14391143911439114
At round 12 training accuracy: 0.145625
At round 12 training loss: 3.8583186180020372
At round 13 accuracy: 0.5479704797047971
At round 13 training accuracy: 0.5817708333333333
At round 13 training loss: 1.5369283369245628
At round 14 accuracy: 0.5461254612546126
At round 14 training accuracy: 0.5813541666666666
At round 14 training loss: 1.7202312246585885
At round 15 accuracy: 0.48523985239852396
At round 15 training accuracy: 0.5025
At round 15 training loss: 1.7490664757601917
At round 16 accuracy: 0.4345018450184502
At round 16 training accuracy: 0.4590625
At round 16 training loss: 2.4463301336051275
At round 17 accuracy: 0.4345018450184502
At round 17 training accuracy: 0.45739583333333333
At round 17 training loss: 2.851319472460697
At round 18 accuracy: 0.43634686346863466
At round 18 training accuracy: 0.4582291666666667
At round 18 training loss: 2.9021482749826584
At round 19 accuracy: 0.43357933579335795
At round 19 training accuracy: 0.4590625
At round 19 training loss: 2.4224445834771418
At round 20 accuracy: 0.4381918819188192
At round 20 training accuracy: 0.45416666666666666
At round 20 training loss: 2.125662783208924
At round 21 accuracy: 0.1466789667896679
At round 21 training accuracy: 0.15
At round 21 training loss: 2.7067482578102497
At round 22 accuracy: 0.15129151291512916
At round 22 training accuracy: 0.155625
At round 22 training loss: 2.4823910038747514
At round 23 accuracy: 0.5627306273062731
At round 23 training accuracy: 0.5488541666666666
At round 23 training loss: 1.5249852165983369
At round 24 accuracy: 0.5239852398523985
At round 24 training accuracy: 0.5051041666666667
At round 24 training loss: 1.6420181087125092
At round 25 accuracy: 0.511070110701107
At round 25 training accuracy: 0.5021875
At round 25 training loss: 1.6641992219956592
At round 26 accuracy: 0.6070110701107011
At round 26 training accuracy: 0.6101041666666667
At round 26 training loss: 1.3194350527351102
At round 27 accuracy: 0.5046125461254612
At round 27 training accuracy: 0.5028125
At round 27 training loss: 1.5961556928729017
At round 28 accuracy: 0.5977859778597786
At round 28 training accuracy: 0.6385416666666667
At round 28 training loss: 1.3963638759357855
At round 29 accuracy: 0.5424354243542435
At round 29 training accuracy: 0.5639583333333333
At round 29 training loss: 1.4966552557470276
At round 30 accuracy: 0.5867158671586716
At round 30 training accuracy: 0.6042708333333333
At round 30 training loss: 1.3066916094146048
At round 31 accuracy: 0.6180811808118081
At round 31 training accuracy: 0.6447916666666667
At round 31 training loss: 1.3881399644259362
At round 32 accuracy: 0.5562730627306273
At round 32 training accuracy: 0.57625
At round 32 training loss: 1.6399392007105051
At round 33 accuracy: 0.6190036900369004
At round 33 training accuracy: 0.6403125
At round 33 training loss: 1.3553306635934859
At round 34 accuracy: 0.6097785977859779
At round 34 training accuracy: 0.6248958333333333
At round 34 training loss: 1.369072427614592
At round 35 accuracy: 0.5728782287822878
At round 35 training accuracy: 0.5553125
At round 35 training loss: 1.5067028192880874
At round 36 accuracy: 0.5359778597785978
At round 36 training accuracy: 0.5238541666666666
At round 36 training loss: 1.6237223954762643
At round 37 accuracy: 0.5719557195571956
At round 37 training accuracy: 0.5636458333333333
At round 37 training loss: 1.4759660890170683
At round 38 accuracy: 0.5488929889298892
At round 38 training accuracy: 0.5363541666666667
At round 38 training loss: 1.5296339477800454
At round 39 accuracy: 0.5018450184501845
At round 39 training accuracy: 0.4979166666666667
At round 39 training loss: 1.7730399610412617
At round 40 accuracy: 0.6356088560885609
At round 40 training accuracy: 0.6466666666666666
At round 40 training loss: 1.325107898429657
At round 41 accuracy: 0.6291512915129152
At round 41 training accuracy: 0.6558333333333334
At round 41 training loss: 1.3890043021785095
At round 42 accuracy: 0.6171586715867159
At round 42 training accuracy: 0.615
At round 42 training loss: 1.455748696423446
At round 43 accuracy: 0.6042435424354243
At round 43 training accuracy: 0.5939583333333334
At round 43 training loss: 1.5634565792170663
At round 44 accuracy: 0.5599630996309963
At round 44 training accuracy: 0.5478125
At round 44 training loss: 1.6828169067964578
At round 45 accuracy: 0.511070110701107
At round 45 training accuracy: 0.5394791666666666
At round 45 training loss: 1.6935322781512514
At round 46 accuracy: 0.5018450184501845
At round 46 training accuracy: 0.5352083333333333
At round 46 training loss: 1.6904966898588463
At round 47 accuracy: 0.470479704797048
At round 47 training accuracy: 0.496875
At round 47 training loss: 2.177637394502138
At round 48 accuracy: 0.5046125461254612
At round 48 training accuracy: 0.5360416666666666
At round 48 training loss: 1.6018156070231149
At round 49 accuracy: 0.6134686346863468
At round 49 training accuracy: 0.6495833333333333
At round 49 training loss: 1.3151397183351219
At round 50 accuracy: 0.492619926199262
At round 50 training accuracy: 0.519375
At round 50 training loss: 1.7921084572669739
At round 51 accuracy: 0.6217712177121771
At round 51 training accuracy: 0.6478125
At round 51 training loss: 1.2214766059008737
At round 52 accuracy: 0.6383763837638377
At round 52 training accuracy: 0.6722916666666666
At round 52 training loss: 1.2562152260898922
At round 53 accuracy: 0.6309963099630996
At round 53 training accuracy: 0.6617708333333333
At round 53 training loss: 1.3325959007193644
At round 54 accuracy: 0.6162361623616236
At round 54 training accuracy: 0.6419791666666667
At round 54 training loss: 1.406992960817491
At round 55 accuracy: 0.48523985239852396
At round 55 training accuracy: 0.516875
At round 55 training loss: 1.8900071760003145
At round 56 accuracy: 0.5645756457564576
At round 56 training accuracy: 0.5910416666666667
At round 56 training loss: 1.435131920413114
At round 57 accuracy: 0.5645756457564576
At round 57 training accuracy: 0.5922916666666667
At round 57 training loss: 1.4031783271984508
At round 58 accuracy: 0.5839483394833949
At round 58 training accuracy: 0.6072916666666667
At round 58 training loss: 1.3455286279910554
At round 59 accuracy: 0.5931734317343174
At round 59 training accuracy: 0.6258333333333334
At round 59 training loss: 1.2887178006768227
At round 60 accuracy: 0.6346863468634686
At round 60 training accuracy: 0.6666666666666666
At round 60 training loss: 1.1814709755203998
At round 61 accuracy: 0.6088560885608856
At round 61 training accuracy: 0.60625
At round 61 training loss: 1.31307911756138
At round 62 accuracy: 0.6088560885608856
At round 62 training accuracy: 0.6367708333333333
At round 62 training loss: 1.2074109231991073
At round 63 accuracy: 0.6503690036900369
At round 63 training accuracy: 0.65875
At round 63 training loss: 1.1628082156103725
At round 64 accuracy: 0.5239852398523985
At round 64 training accuracy: 0.5478125
At round 64 training loss: 1.477741038707706
At round 65 accuracy: 0.5018450184501845
At round 65 training accuracy: 0.5321875
At round 65 training loss: 1.6186214400362224
At round 66 accuracy: 0.5461254612546126
At round 66 training accuracy: 0.5621875
At round 66 training loss: 1.3831836817165215
At round 67 accuracy: 0.47509225092250923
At round 67 training accuracy: 0.49583333333333335
At round 67 training loss: 3.0113524570913675
At round 68 accuracy: 0.4843173431734317
At round 68 training accuracy: 0.49625
At round 68 training loss: 3.2489737400971355
At round 69 accuracy: 0.4907749077490775
At round 69 training accuracy: 0.5063541666666667
At round 69 training loss: 2.961505011784223
At round 70 accuracy: 0.6568265682656826
At round 70 training accuracy: 0.6885416666666667
At round 70 training loss: 0.998609220519041
At round 71 accuracy: 0.6512915129151291
At round 71 training accuracy: 0.6748958333333334
At round 71 training loss: 1.0162824461469426
At round 72 accuracy: 0.6559040590405905
At round 72 training accuracy: 0.6847916666666667
At round 72 training loss: 1.063776119595083
At round 73 accuracy: 0.6485239852398524
At round 73 training accuracy: 0.6785416666666667
At round 73 training loss: 1.0263020461658017
At round 74 accuracy: 0.6245387453874539
At round 74 training accuracy: 0.6190625
At round 74 training loss: 1.1411395015443364
At round 75 accuracy: 0.5055350553505535
At round 75 training accuracy: 0.5238541666666666
At round 75 training loss: 1.5996660907721767
At round 76 accuracy: 0.48800738007380073
At round 76 training accuracy: 0.5085416666666667
At round 76 training loss: 2.0127707671389605
At round 77 accuracy: 0.48985239852398527
At round 77 training accuracy: 0.5142708333333333
At round 77 training loss: 2.523031310454632
At round 78 accuracy: 0.6356088560885609
At round 78 training accuracy: 0.6517708333333333
At round 78 training loss: 1.0534800614447644
At round 79 accuracy: 0.6605166051660517
At round 79 training accuracy: 0.6907291666666666
At round 79 training loss: 1.0339277117451031
At round 80 accuracy: 0.665129151291513
At round 80 training accuracy: 0.6934375
At round 80 training loss: 1.0267222578994308
At round 81 accuracy: 0.49538745387453875
At round 81 training accuracy: 0.5196875
At round 81 training loss: 2.348132265767393
At round 82 accuracy: 0.6549815498154982
At round 82 training accuracy: 0.6884375
At round 82 training loss: 1.0408348997915164
At round 83 accuracy: 0.6466789667896679
At round 83 training accuracy: 0.6377083333333333
At round 83 training loss: 1.117157304752618
At round 84 accuracy: 0.6642066420664207
At round 84 training accuracy: 0.6927083333333334
At round 84 training loss: 1.034248345567224
At round 85 accuracy: 0.665129151291513
At round 85 training accuracy: 0.7017708333333333
At round 85 training loss: 1.0173499339368814
At round 86 accuracy: 0.6752767527675276
At round 86 training accuracy: 0.6997916666666667
At round 86 training loss: 1.006444123609302
At round 87 accuracy: 0.6771217712177122
At round 87 training accuracy: 0.69875
At round 87 training loss: 1.011238599040856
At round 88 accuracy: 0.5009225092250923
At round 88 training accuracy: 0.5209375
At round 88 training loss: 2.876182350988189
At round 89 accuracy: 0.4981549815498155
At round 89 training accuracy: 0.5178125
At round 89 training loss: 2.9134825699031355
At round 90 accuracy: 0.488929889298893
At round 90 training accuracy: 0.5163541666666667
At round 90 training loss: 2.643605069418748
At round 91 accuracy: 0.5119926199261993
At round 91 training accuracy: 0.5383333333333333
At round 91 training loss: 1.6148679325993482
At round 92 accuracy: 0.5
At round 92 training accuracy: 0.5227083333333333
At round 92 training loss: 2.5258239506192814
At round 93 accuracy: 0.511070110701107
At round 93 training accuracy: 0.5394791666666666
At round 93 training loss: 1.6434235224407165
At round 94 accuracy: 0.5571955719557196
At round 94 training accuracy: 0.5817708333333333
At round 94 training loss: 1.2261566693071897
At round 95 accuracy: 0.5193726937269373
At round 95 training accuracy: 0.5416666666666666
At round 95 training loss: 1.7991787404970576
At round 96 accuracy: 0.5285977859778598
At round 96 training accuracy: 0.5527083333333334
At round 96 training loss: 1.6022589601607373
At round 97 accuracy: 0.5175276752767528
At round 97 training accuracy: 0.5395833333333333
At round 97 training loss: 2.5226778804635006
At round 98 accuracy: 0.5083025830258303
At round 98 training accuracy: 0.5303125
At round 98 training loss: 4.7138650197365015
At round 99 accuracy: 0.5138376383763837
At round 99 training accuracy: 0.5380208333333333
At round 99 training loss: 4.3006248982359345
At round 100 accuracy: 0.5166051660516605
At round 100 training accuracy: 0.5419791666666667
At round 100 training loss: 4.088606214226845
At round 101 accuracy: 0.514760147601476
At round 101 training accuracy: 0.5414583333333334
At round 101 training loss: 4.0400068067076305
At round 102 accuracy: 0.5119926199261993
At round 102 training accuracy: 0.5452083333333333
At round 102 training loss: 3.281878829668276
At round 103 accuracy: 0.514760147601476
At round 103 training accuracy: 0.54125
At round 103 training loss: 3.7948500892535475
At round 104 accuracy: 0.5092250922509225
At round 104 training accuracy: 0.5407291666666667
At round 104 training loss: 3.547585736188727
At round 105 accuracy: 0.6180811808118081
At round 105 training accuracy: 0.6528125
At round 105 training loss: 0.9363881056103855
At round 106 accuracy: 0.6706642066420664
At round 106 training accuracy: 0.7064583333333333
At round 106 training loss: 0.8399759344756603
At round 107 accuracy: 0.6669741697416974
At round 107 training accuracy: 0.7052083333333333
At round 107 training loss: 0.9020353295529883
At round 108 accuracy: 0.6706642066420664
At round 108 training accuracy: 0.7053125
At round 108 training loss: 0.8930574404510359
At round 109 accuracy: 0.6660516605166051
At round 109 training accuracy: 0.6984375
At round 109 training loss: 0.9552155507076532
At round 110 accuracy: 0.6642066420664207
At round 110 training accuracy: 0.701875
At round 110 training loss: 0.9513427577152227
At round 111 accuracy: 0.6660516605166051
At round 111 training accuracy: 0.689375
At round 111 training loss: 0.9499941019279261
At round 112 accuracy: 0.5433579335793358
At round 112 training accuracy: 0.57
At round 112 training loss: 1.3449210581975057
At round 113 accuracy: 0.5470479704797048
At round 113 training accuracy: 0.5732291666666667
At round 113 training loss: 1.300421099010855
At round 114 accuracy: 0.5341328413284133
At round 114 training accuracy: 0.5659375
At round 114 training loss: 1.3717714217149963
At round 115 accuracy: 0.6595940959409594
At round 115 training accuracy: 0.6915625
At round 115 training loss: 0.978485076657186
At round 116 accuracy: 0.672509225092251
At round 116 training accuracy: 0.7084375
At round 116 training loss: 0.9480933426320552
At round 117 accuracy: 0.672509225092251
At round 117 training accuracy: 0.7009375
At round 117 training loss: 1.006096597352686
At round 118 accuracy: 0.6798892988929889
At round 118 training accuracy: 0.7090625
At round 118 training loss: 0.9845567165253063
At round 119 accuracy: 0.6688191881918819
At round 119 training accuracy: 0.7052083333333333
At round 119 training loss: 0.949754945791016
At round 120 accuracy: 0.6826568265682657
At round 120 training accuracy: 0.7113541666666666
At round 120 training loss: 0.9490980135013038
At round 121 accuracy: 0.6817343173431735
At round 121 training accuracy: 0.7103125
At round 121 training loss: 0.962165989940986
At round 122 accuracy: 0.6568265682656826
At round 122 training accuracy: 0.6509375
At round 122 training loss: 1.0910662470276777
At round 123 accuracy: 0.5055350553505535
At round 123 training accuracy: 0.5253125
At round 123 training loss: 2.7267434333241543
At round 124 accuracy: 0.48985239852398527
At round 124 training accuracy: 0.518125
At round 124 training loss: 3.2135732045847303
At round 125 accuracy: 0.5064575645756457
At round 125 training accuracy: 0.5330208333333334
At round 125 training loss: 2.533463313691318
At round 126 accuracy: 0.507380073800738
At round 126 training accuracy: 0.5351041666666667
At round 126 training loss: 1.8050235003465787
At round 127 accuracy: 0.507380073800738
At round 127 training accuracy: 0.53625
At round 127 training loss: 2.515183301077535
At round 128 accuracy: 0.5101476014760148
At round 128 training accuracy: 0.5353125
At round 128 training loss: 3.440610878917699
At round 129 accuracy: 0.5138376383763837
At round 129 training accuracy: 0.5390625
At round 129 training loss: 3.8019254983837407
At round 130 accuracy: 0.5129151291512916
At round 130 training accuracy: 0.5420833333333334
At round 130 training loss: 3.5288062830859173
At round 131 accuracy: 0.514760147601476
At round 131 training accuracy: 0.5430208333333333
At round 131 training loss: 2.8112623944024864
At round 132 accuracy: 0.5175276752767528
At round 132 training accuracy: 0.5461458333333333
At round 132 training loss: 2.717531060820135
At round 133 accuracy: 0.5239852398523985
At round 133 training accuracy: 0.5494791666666666
At round 133 training loss: 2.2295875654788686
At round 134 accuracy: 0.5276752767527675
At round 134 training accuracy: 0.5514583333333334
At round 134 training loss: 2.1647768300942456
At round 135 accuracy: 0.533210332103321
At round 135 training accuracy: 0.5515625
At round 135 training loss: 2.8052045832372583
At round 136 accuracy: 0.6881918819188192
At round 136 training accuracy: 0.7155208333333334
At round 136 training loss: 0.8061367225600407
At round 137 accuracy: 0.5894833948339483
At round 137 training accuracy: 0.6066666666666667
At round 137 training loss: 1.1129125511351352
At round 138 accuracy: 0.559040590405904
At round 138 training accuracy: 0.5773958333333333
At round 138 training loss: 1.2923044256897023
At round 139 accuracy: 0.6761992619926199
At round 139 training accuracy: 0.6752083333333333
At round 139 training loss: 0.9067254877882078
At round 140 accuracy: 0.6752767527675276
At round 140 training accuracy: 0.6748958333333334
At round 140 training loss: 0.9086643019023661
At round 141 accuracy: 0.6964944649446494
At round 141 training accuracy: 0.7213541666666666
At round 141 training loss: 0.7787268600597357
At round 142 accuracy: 0.7001845018450185
At round 142 training accuracy: 0.72875
At round 142 training loss: 0.7771094866329804
At round 143 accuracy: 0.7011070110701108
At round 143 training accuracy: 0.7164583333333333
At round 143 training loss: 0.7896373929300656
At round 144 accuracy: 0.6771217712177122
At round 144 training accuracy: 0.6733333333333333
At round 144 training loss: 0.8686932837838928
At round 145 accuracy: 0.6697416974169742
At round 145 training accuracy: 0.6595833333333333
At round 145 training loss: 0.9181337943673133
At round 146 accuracy: 0.6881918819188192
At round 146 training accuracy: 0.6863541666666667
At round 146 training loss: 0.8459228046160813
At round 147 accuracy: 0.6854243542435424
At round 147 training accuracy: 0.6827083333333334
At round 147 training loss: 0.8652850864470626
At round 148 accuracy: 0.6872693726937269
At round 148 training accuracy: 0.6916666666666667
At round 148 training loss: 0.8476311332468565
At round 149 accuracy: 0.6559040590405905
At round 149 training accuracy: 0.6840625
At round 149 training loss: 0.8575111040527311
At round 150 accuracy: 0.6928044280442804
At round 150 training accuracy: 0.70625
At round 150 training loss: 0.8180933443728524
At round 151 accuracy: 0.7112546125461254
At round 151 training accuracy: 0.7439583333333334
At round 151 training loss: 0.7554170962857704
At round 152 accuracy: 0.5571955719557196
At round 152 training accuracy: 0.5780208333333333
At round 152 training loss: 1.463481733445078
At round 153 accuracy: 0.5581180811808119
At round 153 training accuracy: 0.578125
At round 153 training loss: 1.412607483176204
At round 154 accuracy: 0.709409594095941
At round 154 training accuracy: 0.7332291666666667
At round 154 training loss: 0.780616886576948
At round 155 accuracy: 0.709409594095941
At round 155 training accuracy: 0.7344791666666667
At round 155 training loss: 0.7743688515309866
At round 156 accuracy: 0.7130996309963099
At round 156 training accuracy: 0.736875
At round 156 training loss: 0.7712140253962328
At round 157 accuracy: 0.540590405904059
At round 157 training accuracy: 0.5655208333333334
At round 157 training loss: 2.1294402419837812
At round 158 accuracy: 0.5461254612546126
At round 158 training accuracy: 0.5673958333333333
At round 158 training loss: 2.0766387940819064
At round 159 accuracy: 0.7149446494464945
At round 159 training accuracy: 0.7422916666666667
At round 159 training loss: 0.7691411559004336
At round 160 accuracy: 0.7001845018450185
At round 160 training accuracy: 0.7033333333333334
At round 160 training loss: 0.8313715989080568
At round 161 accuracy: 0.6817343173431735
At round 161 training accuracy: 0.6723958333333333
At round 161 training loss: 0.8950572604484235
At round 162 accuracy: 0.6429889298892989
At round 162 training accuracy: 0.6282291666666666
At round 162 training loss: 1.060390200057688
At round 163 accuracy: 0.5959409594095941
At round 163 training accuracy: 0.5895833333333333
At round 163 training loss: 1.2439248812384904
At round 164 accuracy: 0.7130996309963099
At round 164 training accuracy: 0.7297916666666666
At round 164 training loss: 0.7670777353690937
At round 165 accuracy: 0.6974169741697417
At round 165 training accuracy: 0.7063541666666666
At round 165 training loss: 0.815195533943673
At round 166 accuracy: 0.7223247232472325
At round 166 training accuracy: 0.7403125
At round 166 training loss: 0.759718383041521
At round 167 accuracy: 0.705719557195572
At round 167 training accuracy: 0.7402083333333334
At round 167 training loss: 0.7718925222560453
At round 168 accuracy: 0.7149446494464945
At round 168 training accuracy: 0.7411458333333333
At round 168 training loss: 0.7733112872694619
At round 169 accuracy: 0.705719557195572
At round 169 training accuracy: 0.7219791666666666
At round 169 training loss: 0.7771836384572088
At round 170 accuracy: 0.6872693726937269
At round 170 training accuracy: 0.7078125
At round 170 training loss: 0.8109992360168448
At round 171 accuracy: 0.5535055350553506
At round 171 training accuracy: 0.5813541666666666
At round 171 training loss: 3.071134211210689
At round 172 accuracy: 0.5581180811808119
At round 172 training accuracy: 0.5815625
At round 172 training loss: 2.9696121045031276
At round 173 accuracy: 0.5479704797047971
At round 173 training accuracy: 0.5779166666666666
At round 173 training loss: 2.8669921074124676
At round 174 accuracy: 0.551660516605166
At round 174 training accuracy: 0.578125
At round 174 training loss: 2.804106439539852
At round 175 accuracy: 0.5470479704797048
At round 175 training accuracy: 0.5745833333333333
At round 175 training loss: 3.5198384205678788
At round 176 accuracy: 0.5498154981549815
At round 176 training accuracy: 0.5822916666666667
At round 176 training loss: 3.0674381385503025
At round 177 accuracy: 0.5470479704797048
At round 177 training accuracy: 0.5802083333333333
At round 177 training loss: 2.874177864808589
At round 178 accuracy: 0.544280442804428
At round 178 training accuracy: 0.578125
At round 178 training loss: 3.2673875561597137
At round 179 accuracy: 0.5461254612546126
At round 179 training accuracy: 0.5794791666666667
At round 179 training loss: 3.2330827728131166
At round 180 accuracy: 0.5498154981549815
At round 180 training accuracy: 0.5855208333333334
At round 180 training loss: 3.3632802725629882
At round 181 accuracy: 0.5599630996309963
At round 181 training accuracy: 0.5914583333333333
At round 181 training loss: 2.9364439505711197
At round 182 accuracy: 0.5581180811808119
At round 182 training accuracy: 0.5891666666666666
At round 182 training loss: 2.979330967498633
At round 183 accuracy: 0.7112546125461254
At round 183 training accuracy: 0.7428125
At round 183 training loss: 0.703643035699303
At round 184 accuracy: 0.6826568265682657
At round 184 training accuracy: 0.6835416666666667
At round 184 training loss: 0.8184861978733291
At round 185 accuracy: 0.6392988929889298
At round 185 training accuracy: 0.6392708333333333
At round 185 training loss: 0.9648116666451096
At round 186 accuracy: 0.6392988929889298
At round 186 training accuracy: 0.6392708333333333
At round 186 training loss: 0.9674914517595122
At round 187 accuracy: 0.6771217712177122
At round 187 training accuracy: 0.6773958333333333
At round 187 training loss: 0.8313983361547191
At round 188 accuracy: 0.5839483394833949
At round 188 training accuracy: 0.5882291666666667
At round 188 training loss: 1.2767626322309176
At round 189 accuracy: 0.690959409594096
At round 189 training accuracy: 0.6889583333333333
At round 189 training loss: 0.8589257693508019
At round 190 accuracy: 0.7047970479704797
At round 190 training accuracy: 0.7264583333333333
At round 190 training loss: 0.7502345851932962
At round 191 accuracy: 0.6992619926199262
At round 191 training accuracy: 0.716875
At round 191 training loss: 0.7642772623570636
At round 192 accuracy: 0.6014760147601476
At round 192 training accuracy: 0.6294791666666667
At round 192 training loss: 1.0129811729490756
At round 193 accuracy: 0.7121771217712177
At round 193 training accuracy: 0.7384375
At round 193 training loss: 0.7647952276297535
At round 194 accuracy: 0.6964944649446494
At round 194 training accuracy: 0.7163541666666666
At round 194 training loss: 0.8429565967510765
At round 195 accuracy: 0.716789667896679
At round 195 training accuracy: 0.7425
At round 195 training loss: 0.7910616145903866
At round 196 accuracy: 0.5544280442804428
At round 196 training accuracy: 0.57125
At round 196 training loss: 1.697831251686439
At round 197 accuracy: 0.5350553505535055
At round 197 training accuracy: 0.56125
At round 197 training loss: 4.0399898569270345
At round 198 accuracy: 0.5350553505535055
At round 198 training accuracy: 0.5677083333333334
At round 198 training loss: 4.319304820300701
At round 199 accuracy: 0.5350553505535055
At round 199 training accuracy: 0.570625
At round 199 training loss: 4.122447403709715
At round 200 accuracy: 0.5387453874538746
At round 200 training accuracy: 0.5691666666666667
