2022-08-19 12:28:34.422638: I tensorflow/stream_executor/platform/default/dso_loader.cc:49] Successfully opened dynamic library libcudart.so.10.1
/home/aig/.conda/envs/prox/lib/python3.9/site-packages/scipy/__init__.py:146: UserWarning: A NumPy version >=1.16.5 and <1.23.0 is required for this version of SciPy (detected version 1.23.1
  warnings.warn(f"A NumPy version >={np_minversion} and <{np_maxversion}"
WARNING:tensorflow:From /home/aig/.conda/envs/prox/lib/python3.9/site-packages/tensorflow/python/compat/v2_compat.py:96: disable_resource_variables (from tensorflow.python.ops.variable_scope) is deprecated and will be removed in a future version.
Instructions for updating:
non-resource variables are not supported in the long term
Arguments:
	       batch_size : 10
	clients_per_round : 10
	          dataset : synthetic_1_1
	     drop_percent : 0.9
	       eval_every : 1
	    learning_rate : 0.01
	            model : mclr
	     model_params : (10,)
	               mu : 0
	       num_epochs : 20
	        num_iters : 1
	       num_rounds : 200
	        optimizer : fedavg
	             seed : 0
Using Federated avg to Train
/home/aig/.conda/envs/prox/lib/python3.9/site-packages/tensorflow/python/keras/legacy_tf_layers/core.py:171: UserWarning: `tf.layers.dense` is deprecated and will be removed in a future version. Please use `tf.keras.layers.Dense` instead.
  warnings.warn('`tf.layers.dense` is deprecated and '
/home/aig/.conda/envs/prox/lib/python3.9/site-packages/tensorflow/python/keras/engine/base_layer_v1.py:1719: UserWarning: `layer.apply` is deprecated and will be removed in a future version. Please use `layer.__call__` method instead.
  warnings.warn('`layer.apply` is deprecated and '
2022-08-19 12:28:36.626493: I tensorflow/compiler/jit/xla_cpu_device.cc:41] Not creating XLA devices, tf_xla_enable_xla_devices not set
2022-08-19 12:28:36.627516: I tensorflow/stream_executor/platform/default/dso_loader.cc:49] Successfully opened dynamic library libcuda.so.1
2022-08-19 12:28:37.023081: E tensorflow/stream_executor/cuda/cuda_driver.cc:328] failed call to cuInit: CUDA_ERROR_NO_DEVICE: no CUDA-capable device is detected
2022-08-19 12:28:37.023132: I tensorflow/stream_executor/cuda/cuda_diagnostics.cc:156] kernel driver does not appear to be running on this host (node03): /proc/driver/nvidia/version does not exist
2022-08-19 12:28:37.023481: I tensorflow/core/platform/cpu_feature_guard.cc:142] This TensorFlow binary is optimized with oneAPI Deep Neural Network Library (oneDNN) to use the following CPU instructions in performance-critical operations:  SSE4.1 SSE4.2 AVX AVX2 AVX512F FMA
To enable them in other operations, rebuild TensorFlow with the appropriate compiler flags.
2022-08-19 12:28:37.023578: I tensorflow/compiler/jit/xla_gpu_device.cc:99] Not creating XLA devices, tf_xla_enable_xla_devices not set
2022-08-19 12:28:37.025626: I tensorflow/compiler/mlir/mlir_graph_optimization_pass.cc:196] None of the MLIR optimization passes are enabled (registered 0 passes)
2022-08-19 12:28:37.027245: I tensorflow/core/platform/profile_utils/cpu_utils.cc:112] CPU Frequency: 2100000000 Hz
WARNING:tensorflow:From /home/aig/.conda/envs/prox/lib/python3.9/site-packages/tensorflow/python/profiler/internal/flops_registry.py:142: tensor_shape_from_node_def_name (from tensorflow.python.framework.graph_util_impl) is deprecated and will be removed in a future version.
Instructions for updating:
Use `tf.compat.v1.graph_util.tensor_shape_from_node_def_name`
Incomplete shape.
Incomplete shape.

=========================Options=============================
-max_depth                  10000
-min_bytes                  0
-min_peak_bytes             0
-min_residual_bytes         0
-min_output_bytes           0
-min_micros                 0
-min_accelerator_micros     0
-min_cpu_micros             0
-min_params                 0
-min_float_ops              1
-min_occurrence             0
-step                       -1
-order_by                   float_ops
-account_type_regexes       .*
-start_name_regexes         .*
-trim_name_regexes          
-show_name_regexes          .*
-hide_name_regexes          
-account_displayed_op_only  true
-select                     float_ops
-output                     stdout:

==================Model Analysis Report======================
Incomplete shape.
Incomplete shape.

Doc:
scope: The nodes in the model graph are organized by their names, which is hierarchical like filesystem.
flops: Number of float operations. Note: Please read the implementation for the math behind it.

Profile:
node name | # float_ops
_TFProfRoot (--/2.40k flops)
  dense/kernel/Initializer/random_uniform (600/1.20k flops)
    dense/kernel/Initializer/random_uniform/mul (600/600 flops)
    dense/kernel/Initializer/random_uniform/sub (1/1 flops)
  dense/kernel/Regularizer/Square (600/600 flops)
  dense/kernel/Regularizer/Sum (599/599 flops)
  dense/kernel/Regularizer/mul (1/1 flops)
  gradients/sparse_softmax_cross_entropy_loss/value_grad/Neg (1/1 flops)
  gradients/sparse_softmax_cross_entropy_loss/value_grad/mul (1/1 flops)
  sparse_softmax_cross_entropy_loss/num_present/Equal (1/1 flops)

======================End of Report==========================
30 Clients in Total
Training with 10 workers ---
WARNING:tensorflow:From /home/aig/NailIt/FedProx/flearn/models/synthetic/mclr.py:58: Variable.load (from tensorflow.python.ops.variables) is deprecated and will be removed in a future version.
Instructions for updating:
Prefer Variable.assign which has equivalent behavior in 2.X.
At round 0 accuracy: 0.035977859778597784
At round 0 training accuracy: 0.035104166666666665
At round 0 training loss: 4.849575695159535
At round 1 accuracy: 0.04981549815498155
At round 1 training accuracy: 0.05520833333333333
At round 1 training loss: 4.427086405456066
At round 2 accuracy: 0.06088560885608856
At round 2 training accuracy: 0.06177083333333333
At round 2 training loss: 4.477431944434842
At round 3 accuracy: 0.06549815498154982
At round 3 training accuracy: 0.0678125
At round 3 training loss: 4.39599945443372
At round 4 accuracy: 0.05904059040590406
At round 4 training accuracy: 0.06125
At round 4 training loss: 4.769617898156866
At round 5 accuracy: 0.44095940959409596
At round 5 training accuracy: 0.4825
At round 5 training loss: 2.3017623470257966
At round 6 accuracy: 0.45295202952029523
At round 6 training accuracy: 0.4901041666666667
At round 6 training loss: 2.287331410012363
At round 7 accuracy: 0.4797047970479705
At round 7 training accuracy: 0.5140625
At round 7 training loss: 2.3219921082258224
At round 8 accuracy: 0.25461254612546125
At round 8 training accuracy: 0.2653125
At round 8 training loss: 2.656005949434669
At round 9 accuracy: 0.2656826568265683
At round 9 training accuracy: 0.285625
At round 9 training loss: 2.5905754697090013
At round 10 accuracy: 0.3763837638376384
At round 10 training accuracy: 0.39875
At round 10 training loss: 5.903726778562025
At round 11 accuracy: 0.3994464944649446
At round 11 training accuracy: 0.4217708333333333
At round 11 training loss: 4.306876584795197
At round 12 accuracy: 0.3985239852398524
At round 12 training accuracy: 0.42104166666666665
At round 12 training loss: 4.3283410909338755
At round 13 accuracy: 0.3985239852398524
At round 13 training accuracy: 0.420625
At round 13 training loss: 4.383689609780122
At round 14 accuracy: 0.40682656826568264
At round 14 training accuracy: 0.43166666666666664
At round 14 training loss: 6.273334190069485
At round 15 accuracy: 0.4114391143911439
At round 15 training accuracy: 0.438125
At round 15 training loss: 7.784135024548353
At round 16 accuracy: 0.4188191881918819
At round 16 training accuracy: 0.44479166666666664
At round 16 training loss: 7.297689502181068
At round 17 accuracy: 0.42712177121771217
At round 17 training accuracy: 0.4515625
At round 17 training loss: 5.916787609920915
At round 18 accuracy: 0.4345018450184502
At round 18 training accuracy: 0.4603125
At round 18 training loss: 5.99878703791978
At round 19 accuracy: 0.42712177121771217
At round 19 training accuracy: 0.45635416666666667
At round 19 training loss: 6.496563113377391
At round 20 accuracy: 0.4280442804428044
At round 20 training accuracy: 0.45458333333333334
At round 20 training loss: 6.636653474511501
At round 21 accuracy: 0.42712177121771217
At round 21 training accuracy: 0.4535416666666667
At round 21 training loss: 6.609974933095898
At round 22 accuracy: 0.4446494464944649
At round 22 training accuracy: 0.48072916666666665
At round 22 training loss: 5.184354297850829
At round 23 accuracy: 0.43911439114391143
At round 23 training accuracy: 0.47552083333333334
At round 23 training loss: 5.067820489751441
At round 24 accuracy: 0.4381918819188192
At round 24 training accuracy: 0.4660416666666667
At round 24 training loss: 3.1405585008513786
At round 25 accuracy: 0.43911439114391143
At round 25 training accuracy: 0.47604166666666664
At round 25 training loss: 3.0400812183814803
At round 26 accuracy: 0.4114391143911439
At round 26 training accuracy: 0.4459375
At round 26 training loss: 3.1417060231532137
At round 27 accuracy: 0.16605166051660517
At round 27 training accuracy: 0.1734375
At round 27 training loss: 5.364723239069038
At round 28 accuracy: 0.16605166051660517
At round 28 training accuracy: 0.1734375
At round 28 training loss: 5.3125844992528926
At round 29 accuracy: 0.16512915129151293
At round 29 training accuracy: 0.16583333333333333
At round 29 training loss: 4.745805551727293
At round 30 accuracy: 0.16328413284132842
At round 30 training accuracy: 0.1684375
At round 30 training loss: 4.684441271846251
At round 31 accuracy: 0.5894833948339483
At round 31 training accuracy: 0.6185416666666667
At round 31 training loss: 1.5721994052183192
At round 32 accuracy: 0.577490774907749
At round 32 training accuracy: 0.6035416666666666
At round 32 training loss: 1.7332448049634694
At round 33 accuracy: 0.4308118081180812
At round 33 training accuracy: 0.44729166666666664
At round 33 training loss: 3.1336130712848775
At round 34 accuracy: 0.4437269372693727
At round 34 training accuracy: 0.4658333333333333
At round 34 training loss: 3.0274813686916606
At round 35 accuracy: 0.44095940959409596
At round 35 training accuracy: 0.4665625
At round 35 training loss: 3.297954874301019
At round 36 accuracy: 0.5738007380073801
At round 36 training accuracy: 0.5980208333333333
At round 36 training loss: 1.7463973436970264
At round 37 accuracy: 0.41697416974169743
At round 37 training accuracy: 0.4039583333333333
At round 37 training loss: 3.6032674308548063
At round 38 accuracy: 0.4160516605166052
At round 38 training accuracy: 0.4116666666666667
At round 38 training loss: 4.4381791790590315
At round 39 accuracy: 0.4381918819188192
At round 39 training accuracy: 0.4301041666666667
At round 39 training loss: 4.35948879503645
At round 40 accuracy: 0.4326568265682657
At round 40 training accuracy: 0.4267708333333333
At round 40 training loss: 4.037643543798477
At round 41 accuracy: 0.5175276752767528
At round 41 training accuracy: 0.498125
At round 41 training loss: 1.8417966934976477
At round 42 accuracy: 0.4455719557195572
At round 42 training accuracy: 0.4295833333333333
At round 42 training loss: 2.910813082385187
At round 43 accuracy: 0.48247232472324725
At round 43 training accuracy: 0.46010416666666665
At round 43 training loss: 4.036707171783928
At round 44 accuracy: 0.4870848708487085
At round 44 training accuracy: 0.46947916666666667
At round 44 training loss: 4.405613946343486
At round 45 accuracy: 0.4603321033210332
At round 45 training accuracy: 0.4375
At round 45 training loss: 4.859301861066633
At round 46 accuracy: 0.474169741697417
At round 46 training accuracy: 0.45677083333333335
At round 46 training loss: 3.698344176661024
At round 47 accuracy: 0.4732472324723247
At round 47 training accuracy: 0.4582291666666667
At round 47 training loss: 3.75770631914312
At round 48 accuracy: 0.4492619926199262
At round 48 training accuracy: 0.44177083333333333
At round 48 training loss: 5.095481200454135
At round 49 accuracy: 0.45295202952029523
At round 49 training accuracy: 0.44625
At round 49 training loss: 5.1010336666010945
At round 50 accuracy: 0.4547970479704797
At round 50 training accuracy: 0.47458333333333336
At round 50 training loss: 3.006680955293899
At round 51 accuracy: 0.46309963099630996
At round 51 training accuracy: 0.4796875
At round 51 training loss: 2.4470131628867238
At round 52 accuracy: 0.4944649446494465
At round 52 training accuracy: 0.5133333333333333
At round 52 training loss: 2.0684098127429995
At round 53 accuracy: 0.4944649446494465
At round 53 training accuracy: 0.5145833333333333
At round 53 training loss: 2.0370806865681272
At round 54 accuracy: 0.492619926199262
At round 54 training accuracy: 0.5135416666666667
At round 54 training loss: 1.8749931309764603
At round 55 accuracy: 0.4981549815498155
At round 55 training accuracy: 0.5116666666666667
At round 55 training loss: 2.646174342532516
At round 56 accuracy: 0.5018450184501845
At round 56 training accuracy: 0.51375
At round 56 training loss: 3.1271963303053054
At round 57 accuracy: 0.5009225092250923
At round 57 training accuracy: 0.5161458333333333
At round 57 training loss: 3.276512099510971
At round 58 accuracy: 0.5064575645756457
At round 58 training accuracy: 0.5248958333333333
At round 58 training loss: 3.011602739477627
At round 59 accuracy: 0.503690036900369
At round 59 training accuracy: 0.5225
At round 59 training loss: 2.9172271606341624
At round 60 accuracy: 0.5009225092250923
At round 60 training accuracy: 0.5201041666666667
At round 60 training loss: 3.009985679295011
At round 61 accuracy: 0.246309963099631
At round 61 training accuracy: 0.24020833333333333
At round 61 training loss: 1.9729833998789643
At round 62 accuracy: 0.24077490774907748
At round 62 training accuracy: 0.23447916666666666
At round 62 training loss: 1.9775185281034404
At round 63 accuracy: 0.6439114391143912
At round 63 training accuracy: 0.6458333333333334
At round 63 training loss: 1.2046550320650082
At round 64 accuracy: 0.6494464944649446
At round 64 training accuracy: 0.6575
At round 64 training loss: 1.170300482778742
At round 65 accuracy: 0.4326568265682657
At round 65 training accuracy: 0.4482291666666667
At round 65 training loss: 1.9357829972550098
At round 66 accuracy: 0.5166051660516605
At round 66 training accuracy: 0.5534375
At round 66 training loss: 1.549648294376481
At round 67 accuracy: 0.5092250922509225
At round 67 training accuracy: 0.5396875
At round 67 training loss: 1.6328537425549925
At round 68 accuracy: 0.2047970479704797
At round 68 training accuracy: 0.20802083333333332
At round 68 training loss: 4.921516219092276
At round 69 accuracy: 0.2047970479704797
At round 69 training accuracy: 0.208125
At round 69 training loss: 4.880698972804603
At round 70 accuracy: 0.20202952029520296
At round 70 training accuracy: 0.20833333333333334
At round 70 training loss: 4.913736112932699
At round 71 accuracy: 0.31273062730627305
At round 71 training accuracy: 0.319375
At round 71 training loss: 3.545085928387319
At round 72 accuracy: 0.40313653136531363
At round 72 training accuracy: 0.4003125
At round 72 training loss: 3.2229310534964317
At round 73 accuracy: 0.37822878228782286
At round 73 training accuracy: 0.38333333333333336
At round 73 training loss: 3.3005765140638688
At round 74 accuracy: 0.3929889298892989
At round 74 training accuracy: 0.3907291666666667
At round 74 training loss: 3.261431934863795
At round 75 accuracy: 0.3929889298892989
At round 75 training accuracy: 0.3930208333333333
At round 75 training loss: 3.198259181093114
At round 76 accuracy: 0.3994464944649446
At round 76 training accuracy: 0.3955208333333333
At round 76 training loss: 3.2066950910313365
At round 77 accuracy: 0.4132841328413284
At round 77 training accuracy: 0.41083333333333333
At round 77 training loss: 3.16569626623299
At round 78 accuracy: 0.4188191881918819
At round 78 training accuracy: 0.41333333333333333
At round 78 training loss: 3.1690832374854168
At round 79 accuracy: 0.20571955719557194
At round 79 training accuracy: 0.21364583333333334
At round 79 training loss: 4.361798910001138
At round 80 accuracy: 0.2047970479704797
At round 80 training accuracy: 0.21260416666666668
At round 80 training loss: 4.349922920848379
At round 81 accuracy: 0.2066420664206642
At round 81 training accuracy: 0.21177083333333332
At round 81 training loss: 4.309558595074729
At round 82 accuracy: 0.6623616236162362
At round 82 training accuracy: 0.695625
At round 82 training loss: 0.9638741501564315
At round 83 accuracy: 0.6614391143911439
At round 83 training accuracy: 0.6932291666666667
At round 83 training loss: 0.9744671598990196
At round 84 accuracy: 0.6642066420664207
At round 84 training accuracy: 0.6990625
At round 84 training loss: 0.9777507915105282
At round 85 accuracy: 0.544280442804428
At round 85 training accuracy: 0.569375
At round 85 training loss: 1.3332415294304762
At round 86 accuracy: 0.5092250922509225
At round 86 training accuracy: 0.53625
At round 86 training loss: 2.1370368372817756
At round 87 accuracy: 0.5202952029520295
At round 87 training accuracy: 0.5446875
At round 87 training loss: 1.8130658482130577
At round 88 accuracy: 0.525830258302583
At round 88 training accuracy: 0.5529166666666666
At round 88 training loss: 6.866702756775388
At round 89 accuracy: 0.5249077490774908
At round 89 training accuracy: 0.5552083333333333
At round 89 training loss: 7.085330392528946
At round 90 accuracy: 0.5175276752767528
At round 90 training accuracy: 0.5451041666666666
At round 90 training loss: 4.6148225401493255
At round 91 accuracy: 0.5304428044280443
At round 91 training accuracy: 0.5576041666666667
At round 91 training loss: 2.7617711968859657
At round 92 accuracy: 0.5378228782287823
At round 92 training accuracy: 0.5642708333333334
At round 92 training loss: 2.7174038238831173
At round 93 accuracy: 0.5387453874538746
At round 93 training accuracy: 0.5654166666666667
At round 93 training loss: 2.7249339315795806
At round 94 accuracy: 0.5350553505535055
At round 94 training accuracy: 0.5595833333333333
At round 94 training loss: 2.565855396334858
At round 95 accuracy: 0.5341328413284133
At round 95 training accuracy: 0.56125
At round 95 training loss: 2.4905056426200707
At round 96 accuracy: 0.5322878228782287
At round 96 training accuracy: 0.5648958333333334
At round 96 training loss: 2.22928890346045
At round 97 accuracy: 0.5369003690036901
At round 97 training accuracy: 0.5686458333333333
At round 97 training loss: 3.146020576214214
At round 98 accuracy: 0.5396678966789668
At round 98 training accuracy: 0.571875
At round 98 training loss: 2.970282647458856
At round 99 accuracy: 0.533210332103321
At round 99 training accuracy: 0.5758333333333333
At round 99 training loss: 2.418601177101664
At round 100 accuracy: 0.540590405904059
At round 100 training accuracy: 0.5763541666666666
At round 100 training loss: 2.2796048595159664
At round 101 accuracy: 0.5304428044280443
At round 101 training accuracy: 0.5652083333333333
At round 101 training loss: 2.317422612219719
At round 102 accuracy: 0.5350553505535055
At round 102 training accuracy: 0.5611458333333333
At round 102 training loss: 2.3489750635484232
At round 103 accuracy: 0.5304428044280443
At round 103 training accuracy: 0.5569791666666667
At round 103 training loss: 4.344592561495471
At round 104 accuracy: 0.5322878228782287
At round 104 training accuracy: 0.5597916666666667
At round 104 training loss: 4.592554409777222
At round 105 accuracy: 0.5230627306273062
At round 105 training accuracy: 0.5471875
At round 105 training loss: 4.597547735596697
At round 106 accuracy: 0.525830258302583
At round 106 training accuracy: 0.5476041666666667
At round 106 training loss: 4.582123970327739
At round 107 accuracy: 0.5654981549815498
At round 107 training accuracy: 0.5851041666666666
At round 107 training loss: 1.4258632662706563
At round 108 accuracy: 0.551660516605166
At round 108 training accuracy: 0.5776041666666667
At round 108 training loss: 1.7426050525707737
At round 109 accuracy: 0.5369003690036901
At round 109 training accuracy: 0.5580208333333333
At round 109 training loss: 1.5526888586614709
At round 110 accuracy: 0.5359778597785978
At round 110 training accuracy: 0.5590625
At round 110 training loss: 1.5399635468677055
At round 111 accuracy: 0.5396678966789668
At round 111 training accuracy: 0.5579166666666666
At round 111 training loss: 1.5280253894471874
At round 112 accuracy: 0.5535055350553506
At round 112 training accuracy: 0.5785416666666666
At round 112 training loss: 1.49740659161335
At round 113 accuracy: 0.5452029520295203
At round 113 training accuracy: 0.5721875
At round 113 training loss: 1.6730414022307378
At round 114 accuracy: 0.5525830258302583
At round 114 training accuracy: 0.5790625
At round 114 training loss: 1.63021717398214
At round 115 accuracy: 0.7001845018450185
At round 115 training accuracy: 0.7316666666666667
At round 115 training loss: 0.7582464941376627
At round 116 accuracy: 0.6974169741697417
At round 116 training accuracy: 0.7319791666666666
At round 116 training loss: 0.7633566450640986
At round 117 accuracy: 0.6134686346863468
At round 117 training accuracy: 0.6358333333333334
At round 117 training loss: 1.0352368250302242
At round 118 accuracy: 0.6134686346863468
At round 118 training accuracy: 0.6357291666666667
At round 118 training loss: 1.038151046256559
At round 119 accuracy: 0.6974169741697417
At round 119 training accuracy: 0.7186458333333333
At round 119 training loss: 0.8756879402069414
At round 120 accuracy: 0.6937269372693727
At round 120 training accuracy: 0.7173958333333333
At round 120 training loss: 0.8773525496608393
At round 121 accuracy: 0.6918819188191881
At round 121 training accuracy: 0.705
At round 121 training loss: 0.8981369117602783
At round 122 accuracy: 0.551660516605166
At round 122 training accuracy: 0.5728125
At round 122 training loss: 1.3688395643197147
At round 123 accuracy: 0.5488929889298892
At round 123 training accuracy: 0.573125
At round 123 training loss: 1.3877648462623378
At round 124 accuracy: 0.5488929889298892
At round 124 training accuracy: 0.571875
At round 124 training loss: 1.3861635574733615
At round 125 accuracy: 0.4981549815498155
At round 125 training accuracy: 0.5215625
At round 125 training loss: 7.402870612104307
At round 126 accuracy: 0.5018450184501845
At round 126 training accuracy: 0.5263541666666667
At round 126 training loss: 6.407023564608535
At round 127 accuracy: 0.5027675276752768
At round 127 training accuracy: 0.5259375
At round 127 training loss: 6.15915526610171
At round 128 accuracy: 0.5018450184501845
At round 128 training accuracy: 0.5202083333333334
At round 128 training loss: 9.777727139308118
At round 129 accuracy: 0.5018450184501845
At round 129 training accuracy: 0.5204166666666666
At round 129 training loss: 9.618884335698288
At round 130 accuracy: 0.507380073800738
At round 130 training accuracy: 0.5209375
At round 130 training loss: 9.423611434667498
At round 131 accuracy: 0.5055350553505535
At round 131 training accuracy: 0.5227083333333333
At round 131 training loss: 7.66546599776344
At round 132 accuracy: 0.5046125461254612
At round 132 training accuracy: 0.523125
At round 132 training loss: 7.523630712909247
At round 133 accuracy: 0.5193726937269373
At round 133 training accuracy: 0.5425
At round 133 training loss: 6.441519429017608
At round 134 accuracy: 0.5267527675276753
At round 134 training accuracy: 0.5507291666666667
At round 134 training loss: 6.114678867948982
At round 135 accuracy: 0.522140221402214
At round 135 training accuracy: 0.54625
At round 135 training loss: 5.7424101913100705
At round 136 accuracy: 0.5359778597785978
At round 136 training accuracy: 0.5579166666666666
At round 136 training loss: 5.379791120316949
At round 137 accuracy: 0.5359778597785978
At round 137 training accuracy: 0.5534375
At round 137 training loss: 5.7571376600389215
At round 138 accuracy: 0.544280442804428
At round 138 training accuracy: 0.5559375
At round 138 training loss: 4.825905172968875
At round 139 accuracy: 0.7029520295202952
At round 139 training accuracy: 0.7314583333333333
At round 139 training loss: 0.7998020866526471
At round 140 accuracy: 0.7011070110701108
At round 140 training accuracy: 0.7228125
At round 140 training loss: 0.8020062149490937
At round 141 accuracy: 0.5461254612546126
At round 141 training accuracy: 0.56375
At round 141 training loss: 4.811017913860147
At round 142 accuracy: 0.5396678966789668
At round 142 training accuracy: 0.5686458333333333
At round 142 training loss: 4.46605309334717
At round 143 accuracy: 0.5433579335793358
At round 143 training accuracy: 0.5720833333333334
At round 143 training loss: 4.42115763209246
At round 144 accuracy: 0.5498154981549815
At round 144 training accuracy: 0.5697916666666667
At round 144 training loss: 3.8130781818352504
At round 145 accuracy: 0.5525830258302583
At round 145 training accuracy: 0.5722916666666666
At round 145 training loss: 4.025019468450045
At round 146 accuracy: 0.5553505535055351
At round 146 training accuracy: 0.5732291666666667
At round 146 training loss: 3.671760257203059
At round 147 accuracy: 0.5562730627306273
At round 147 training accuracy: 0.575625
At round 147 training loss: 3.6699443449528313
At round 148 accuracy: 0.5553505535055351
At round 148 training accuracy: 0.5747916666666667
At round 148 training loss: 3.6015131330687047
At round 149 accuracy: 0.5544280442804428
At round 149 training accuracy: 0.5755208333333334
At round 149 training loss: 3.582263718135813
At round 150 accuracy: 0.5488929889298892
At round 150 training accuracy: 0.5710416666666667
At round 150 training loss: 2.8456423752077598
At round 151 accuracy: 0.5479704797047971
At round 151 training accuracy: 0.5702083333333333
At round 151 training loss: 2.8084805037478753
At round 152 accuracy: 0.5488929889298892
At round 152 training accuracy: 0.5652083333333333
At round 152 training loss: 3.473920668834101
At round 153 accuracy: 0.5488929889298892
At round 153 training accuracy: 0.5655208333333334
At round 153 training loss: 3.386485138643178
At round 154 accuracy: 0.5461254612546126
At round 154 training accuracy: 0.5744791666666667
At round 154 training loss: 2.748537391806094
At round 155 accuracy: 0.5452029520295203
At round 155 training accuracy: 0.5697916666666667
At round 155 training loss: 2.6903501501617573
At round 156 accuracy: 0.5470479704797048
At round 156 training accuracy: 0.5726041666666667
At round 156 training loss: 2.6549885525848125
At round 157 accuracy: 0.5498154981549815
At round 157 training accuracy: 0.5705208333333334
At round 157 training loss: 6.724460183529373
At round 158 accuracy: 0.5645756457564576
At round 158 training accuracy: 0.590625
At round 158 training loss: 5.675191470133917
At round 159 accuracy: 0.7177121771217713
At round 159 training accuracy: 0.748125
At round 159 training loss: 0.6658368641791458
At round 160 accuracy: 0.7047970479704797
At round 160 training accuracy: 0.7372916666666667
At round 160 training loss: 0.7134467978949154
At round 161 accuracy: 0.7047970479704797
At round 161 training accuracy: 0.7408333333333333
At round 161 training loss: 0.674637768164927
At round 162 accuracy: 0.7075645756457565
At round 162 training accuracy: 0.731875
At round 162 training loss: 0.6813104550289669
At round 163 accuracy: 0.665129151291513
At round 163 training accuracy: 0.654375
At round 163 training loss: 0.8716513895292155
At round 164 accuracy: 0.6623616236162362
At round 164 training accuracy: 0.6554166666666666
At round 164 training loss: 0.8459763476252798
At round 165 accuracy: 0.6586715867158671
At round 165 training accuracy: 0.6577083333333333
At round 165 training loss: 0.8365758648388146
At round 166 accuracy: 0.6678966789667896
At round 166 training accuracy: 0.6908333333333333
At round 166 training loss: 0.7605831946937299
At round 167 accuracy: 0.5867158671586716
At round 167 training accuracy: 0.6079166666666667
At round 167 training loss: 1.053601236657123
At round 168 accuracy: 0.6273062730627307
At round 168 training accuracy: 0.6358333333333334
At round 168 training loss: 0.913695508892512
At round 169 accuracy: 0.577490774907749
At round 169 training accuracy: 0.593125
At round 169 training loss: 1.2712378627673995
At round 170 accuracy: 0.6217712177121771
At round 170 training accuracy: 0.6453125
At round 170 training loss: 0.9315007841816016
At round 171 accuracy: 0.5507380073800738
At round 171 training accuracy: 0.5761458333333334
At round 171 training loss: 4.603377776488681
At round 172 accuracy: 0.5608856088560885
At round 172 training accuracy: 0.5803125
At round 172 training loss: 4.057174676665551
At round 173 accuracy: 0.5553505535055351
At round 173 training accuracy: 0.5801041666666666
At round 173 training loss: 4.034725231630728
At round 174 accuracy: 0.5562730627306273
At round 174 training accuracy: 0.5803125
At round 174 training loss: 3.8905481199054823
At round 175 accuracy: 0.5488929889298892
At round 175 training accuracy: 0.5778125
At round 175 training loss: 4.665044190253733
At round 176 accuracy: 0.5535055350553506
At round 176 training accuracy: 0.5733333333333334
At round 176 training loss: 3.7746228698813744
At round 177 accuracy: 0.5525830258302583
At round 177 training accuracy: 0.5714583333333333
At round 177 training loss: 3.5088340860541454
At round 178 accuracy: 0.544280442804428
At round 178 training accuracy: 0.5653125
At round 178 training loss: 7.270089251581157
At round 179 accuracy: 0.544280442804428
At round 179 training accuracy: 0.5659375
At round 179 training loss: 7.309355151673735
At round 180 accuracy: 0.5452029520295203
At round 180 training accuracy: 0.5605208333333334
At round 180 training loss: 6.651665001520863
At round 181 accuracy: 0.544280442804428
At round 181 training accuracy: 0.559375
At round 181 training loss: 6.5269883335692915
At round 182 accuracy: 0.5470479704797048
At round 182 training accuracy: 0.5597916666666667
At round 182 training loss: 6.361320826759232
At round 183 accuracy: 0.5479704797047971
At round 183 training accuracy: 0.5628125
At round 183 training loss: 6.33240609322985
At round 184 accuracy: 0.5424354243542435
At round 184 training accuracy: 0.5539583333333333
At round 184 training loss: 6.336914606385787
At round 185 accuracy: 0.5488929889298892
At round 185 training accuracy: 0.5766666666666667
At round 185 training loss: 3.1239207870645136
At round 186 accuracy: 0.5544280442804428
At round 186 training accuracy: 0.5823958333333333
At round 186 training loss: 3.13358055495463
At round 187 accuracy: 0.5581180811808119
At round 187 training accuracy: 0.583125
At round 187 training loss: 3.210087175494603
At round 188 accuracy: 0.5618081180811808
At round 188 training accuracy: 0.5873958333333333
At round 188 training loss: 2.9717873260681515
At round 189 accuracy: 0.5765682656826568
At round 189 training accuracy: 0.6017708333333334
At round 189 training loss: 2.8371306706996013
At round 190 accuracy: 0.5793357933579336
At round 190 training accuracy: 0.6061458333333334
At round 190 training loss: 2.820475033102557
At round 191 accuracy: 0.5738007380073801
At round 191 training accuracy: 0.6063541666666666
At round 191 training loss: 3.1011483852231563
At round 192 accuracy: 0.5728782287822878
At round 192 training accuracy: 0.6044791666666667
At round 192 training loss: 3.766785258719077
At round 193 accuracy: 0.5857933579335793
At round 193 training accuracy: 0.6115625
At round 193 training loss: 3.7165875015515
At round 194 accuracy: 0.5867158671586716
At round 194 training accuracy: 0.6095833333333334
At round 194 training loss: 3.854862150004604
At round 195 accuracy: 0.5839483394833949
At round 195 training accuracy: 0.6058333333333333
At round 195 training loss: 3.759397895503086
At round 196 accuracy: 0.5784132841328413
At round 196 training accuracy: 0.6028125
At round 196 training loss: 3.712462666900101
At round 197 accuracy: 0.5802583025830258
At round 197 training accuracy: 0.6030208333333333
At round 197 training loss: 3.71801278002987
At round 198 accuracy: 0.5784132841328413
At round 198 training accuracy: 0.6055208333333333
At round 198 training loss: 3.6066465418968194
At round 199 accuracy: 0.5765682656826568
At round 199 training accuracy: 0.6040625
At round 199 training loss: 3.456310061083835
At round 200 accuracy: 0.5756457564575646
At round 200 training accuracy: 0.60125
