PYTHONPATH
2022-09-27 19:58:31.865291: I tensorflow/stream_executor/platform/default/dso_loader.cc:49] Successfully opened dynamic library libcudart.so.10.1
WARNING:tensorflow:From /home/aig/.conda/envs/tfl/lib/python3.9/site-packages/tensorflow/python/compat/v2_compat.py:96: disable_resource_variables (from tensorflow.python.ops.variable_scope) is deprecated and will be removed in a future version.
Instructions for updating:
non-resource variables are not supported in the long term
Arguments:
	         Jmax : 50
	            L : 40
	            M : 10
	     MC_trial : 50
	            N : 5
	          SNR : 90
	   batch_size : 10
	      dataset : synthetic_1_1
	 drop_percent : 0.0
	   eval_every : 1
	learning_rate : 0.01
	        model : mclr
	 model_params : (10,)
	           mu : 0
	          nit : 100
	   num_epochs : 20
	    num_iters : 1
	   num_rounds : 200
	    optimizer : fedavg
	         seed : 0
	          set : 2
	          tau : 1
	    threshold : 0.01
	      verbose : 0
Using Federated avg to Train
/home/aig/.conda/envs/tfl/lib/python3.9/site-packages/tensorflow/python/keras/legacy_tf_layers/core.py:171: UserWarning: `tf.layers.dense` is deprecated and will be removed in a future version. Please use `tf.keras.layers.Dense` instead.
  warnings.warn('`tf.layers.dense` is deprecated and '
/home/aig/.conda/envs/tfl/lib/python3.9/site-packages/tensorflow/python/keras/engine/base_layer_v1.py:1719: UserWarning: `layer.apply` is deprecated and will be removed in a future version. Please use `layer.__call__` method instead.
  warnings.warn('`layer.apply` is deprecated and '
2022-09-27 19:58:34.427806: I tensorflow/compiler/jit/xla_cpu_device.cc:41] Not creating XLA devices, tf_xla_enable_xla_devices not set
2022-09-27 19:58:34.429260: I tensorflow/stream_executor/platform/default/dso_loader.cc:49] Successfully opened dynamic library libcuda.so.1
2022-09-27 19:58:34.538300: I tensorflow/core/common_runtime/gpu/gpu_device.cc:1720] Found device 0 with properties: 
pciBusID: 0000:18:00.0 name: NVIDIA GeForce RTX 3090 computeCapability: 8.6
coreClock: 1.695GHz coreCount: 82 deviceMemorySize: 23.70GiB deviceMemoryBandwidth: 871.81GiB/s
2022-09-27 19:58:34.538995: I tensorflow/core/common_runtime/gpu/gpu_device.cc:1720] Found device 1 with properties: 
pciBusID: 0000:3b:00.0 name: NVIDIA GeForce RTX 3090 computeCapability: 8.6
coreClock: 1.695GHz coreCount: 82 deviceMemorySize: 23.70GiB deviceMemoryBandwidth: 871.81GiB/s
2022-09-27 19:58:34.539615: I tensorflow/core/common_runtime/gpu/gpu_device.cc:1720] Found device 2 with properties: 
pciBusID: 0000:86:00.0 name: NVIDIA GeForce RTX 3090 computeCapability: 8.6
coreClock: 1.695GHz coreCount: 82 deviceMemorySize: 23.70GiB deviceMemoryBandwidth: 871.81GiB/s
2022-09-27 19:58:34.540225: I tensorflow/core/common_runtime/gpu/gpu_device.cc:1720] Found device 3 with properties: 
pciBusID: 0000:af:00.0 name: NVIDIA GeForce RTX 3090 computeCapability: 8.6
coreClock: 1.695GHz coreCount: 82 deviceMemorySize: 23.70GiB deviceMemoryBandwidth: 871.81GiB/s
2022-09-27 19:58:34.540263: I tensorflow/stream_executor/platform/default/dso_loader.cc:49] Successfully opened dynamic library libcudart.so.10.1
2022-09-27 19:58:34.544559: I tensorflow/stream_executor/platform/default/dso_loader.cc:49] Successfully opened dynamic library libcublas.so.10
2022-09-27 19:58:34.544649: I tensorflow/stream_executor/platform/default/dso_loader.cc:49] Successfully opened dynamic library libcublasLt.so.10
2022-09-27 19:58:34.548889: I tensorflow/stream_executor/platform/default/dso_loader.cc:49] Successfully opened dynamic library libcufft.so.10
2022-09-27 19:58:34.549807: I tensorflow/stream_executor/platform/default/dso_loader.cc:49] Successfully opened dynamic library libcurand.so.10
2022-09-27 19:58:34.554251: I tensorflow/stream_executor/platform/default/dso_loader.cc:49] Successfully opened dynamic library libcusolver.so.10
2022-09-27 19:58:34.556700: I tensorflow/stream_executor/platform/default/dso_loader.cc:49] Successfully opened dynamic library libcusparse.so.10
2022-09-27 19:58:34.565197: I tensorflow/stream_executor/platform/default/dso_loader.cc:49] Successfully opened dynamic library libcudnn.so.7
2022-09-27 19:58:34.569658: I tensorflow/core/common_runtime/gpu/gpu_device.cc:1862] Adding visible gpu devices: 0, 1, 2, 3
2022-09-27 19:58:34.570368: I tensorflow/core/platform/cpu_feature_guard.cc:142] This TensorFlow binary is optimized with oneAPI Deep Neural Network Library (oneDNN) to use the following CPU instructions in performance-critical operations:  SSE4.1 SSE4.2 AVX AVX2 AVX512F FMA
To enable them in other operations, rebuild TensorFlow with the appropriate compiler flags.
2022-09-27 19:58:34.572276: I tensorflow/compiler/jit/xla_gpu_device.cc:99] Not creating XLA devices, tf_xla_enable_xla_devices not set
2022-09-27 19:58:35.112059: I tensorflow/core/common_runtime/gpu/gpu_device.cc:1720] Found device 0 with properties: 
pciBusID: 0000:18:00.0 name: NVIDIA GeForce RTX 3090 computeCapability: 8.6
coreClock: 1.695GHz coreCount: 82 deviceMemorySize: 23.70GiB deviceMemoryBandwidth: 871.81GiB/s
2022-09-27 19:58:35.112458: I tensorflow/core/common_runtime/gpu/gpu_device.cc:1720] Found device 1 with properties: 
pciBusID: 0000:3b:00.0 name: NVIDIA GeForce RTX 3090 computeCapability: 8.6
coreClock: 1.695GHz coreCount: 82 deviceMemorySize: 23.70GiB deviceMemoryBandwidth: 871.81GiB/s
2022-09-27 19:58:35.112801: I tensorflow/core/common_runtime/gpu/gpu_device.cc:1720] Found device 2 with properties: 
pciBusID: 0000:86:00.0 name: NVIDIA GeForce RTX 3090 computeCapability: 8.6
coreClock: 1.695GHz coreCount: 82 deviceMemorySize: 23.70GiB deviceMemoryBandwidth: 871.81GiB/s
2022-09-27 19:58:35.113134: I tensorflow/core/common_runtime/gpu/gpu_device.cc:1720] Found device 3 with properties: 
pciBusID: 0000:af:00.0 name: NVIDIA GeForce RTX 3090 computeCapability: 8.6
coreClock: 1.695GHz coreCount: 82 deviceMemorySize: 23.70GiB deviceMemoryBandwidth: 871.81GiB/s
2022-09-27 19:58:35.113164: I tensorflow/stream_executor/platform/default/dso_loader.cc:49] Successfully opened dynamic library libcudart.so.10.1
2022-09-27 19:58:35.113185: I tensorflow/stream_executor/platform/default/dso_loader.cc:49] Successfully opened dynamic library libcublas.so.10
2022-09-27 19:58:35.113196: I tensorflow/stream_executor/platform/default/dso_loader.cc:49] Successfully opened dynamic library libcublasLt.so.10
2022-09-27 19:58:35.113206: I tensorflow/stream_executor/platform/default/dso_loader.cc:49] Successfully opened dynamic library libcufft.so.10
2022-09-27 19:58:35.113217: I tensorflow/stream_executor/platform/default/dso_loader.cc:49] Successfully opened dynamic library libcurand.so.10
2022-09-27 19:58:35.113227: I tensorflow/stream_executor/platform/default/dso_loader.cc:49] Successfully opened dynamic library libcusolver.so.10
2022-09-27 19:58:35.113237: I tensorflow/stream_executor/platform/default/dso_loader.cc:49] Successfully opened dynamic library libcusparse.so.10
2022-09-27 19:58:35.113247: I tensorflow/stream_executor/platform/default/dso_loader.cc:49] Successfully opened dynamic library libcudnn.so.7
2022-09-27 19:58:35.115808: I tensorflow/core/common_runtime/gpu/gpu_device.cc:1862] Adding visible gpu devices: 0, 1, 2, 3
2022-09-27 19:58:35.115845: I tensorflow/stream_executor/platform/default/dso_loader.cc:49] Successfully opened dynamic library libcudart.so.10.1
2022-09-27 20:34:06.200979: I tensorflow/core/common_runtime/gpu/gpu_device.cc:1261] Device interconnect StreamExecutor with strength 1 edge matrix:
2022-09-27 20:34:06.201380: I tensorflow/core/common_runtime/gpu/gpu_device.cc:1267]      0 1 2 3 
2022-09-27 20:34:06.201442: I tensorflow/core/common_runtime/gpu/gpu_device.cc:1280] 0:   N N N N 
2022-09-27 20:34:06.201459: I tensorflow/core/common_runtime/gpu/gpu_device.cc:1280] 1:   N N N N 
2022-09-27 20:34:06.201473: I tensorflow/core/common_runtime/gpu/gpu_device.cc:1280] 2:   N N N N 
2022-09-27 20:34:06.201486: I tensorflow/core/common_runtime/gpu/gpu_device.cc:1280] 3:   N N N N 
2022-09-27 20:34:06.207268: I tensorflow/core/common_runtime/gpu/gpu_device.cc:1406] Created TensorFlow device (/job:localhost/replica:0/task:0/device:GPU:0 with 22430 MB memory) -> physical GPU (device: 0, name: NVIDIA GeForce RTX 3090, pci bus id: 0000:18:00.0, compute capability: 8.6)
2022-09-27 20:34:06.209864: I tensorflow/core/common_runtime/gpu/gpu_device.cc:1406] Created TensorFlow device (/job:localhost/replica:0/task:0/device:GPU:1 with 22430 MB memory) -> physical GPU (device: 1, name: NVIDIA GeForce RTX 3090, pci bus id: 0000:3b:00.0, compute capability: 8.6)
2022-09-27 20:34:06.211926: I tensorflow/core/common_runtime/gpu/gpu_device.cc:1406] Created TensorFlow device (/job:localhost/replica:0/task:0/device:GPU:2 with 22430 MB memory) -> physical GPU (device: 2, name: NVIDIA GeForce RTX 3090, pci bus id: 0000:86:00.0, compute capability: 8.6)
2022-09-27 20:34:06.213867: I tensorflow/core/common_runtime/gpu/gpu_device.cc:1406] Created TensorFlow device (/job:localhost/replica:0/task:0/device:GPU:3 with 22430 MB memory) -> physical GPU (device: 3, name: NVIDIA GeForce RTX 3090, pci bus id: 0000:af:00.0, compute capability: 8.6)
2022-09-27 20:34:06.223730: I tensorflow/compiler/mlir/mlir_graph_optimization_pass.cc:196] None of the MLIR optimization passes are enabled (registered 0 passes)
2022-09-27 20:34:06.229099: I tensorflow/core/platform/profile_utils/cpu_utils.cc:112] CPU Frequency: 2400000000 Hz
WARNING:tensorflow:From /home/aig/.conda/envs/tfl/lib/python3.9/site-packages/tensorflow/python/profiler/internal/flops_registry.py:142: tensor_shape_from_node_def_name (from tensorflow.python.framework.graph_util_impl) is deprecated and will be removed in a future version.
Instructions for updating:
Use `tf.compat.v1.graph_util.tensor_shape_from_node_def_name`
Incomplete shape.
Incomplete shape.

=========================Options=============================
-max_depth                  10000
-min_bytes                  0
-min_peak_bytes             0
-min_residual_bytes         0
-min_output_bytes           0
-min_micros                 0
-min_accelerator_micros     0
-min_cpu_micros             0
-min_params                 0
-min_float_ops              1
-min_occurrence             0
-step                       -1
-order_by                   float_ops
-account_type_regexes       .*
-start_name_regexes         .*
-trim_name_regexes          
-show_name_regexes          .*
-hide_name_regexes          
-account_displayed_op_only  true
-select                     float_ops
-output                     stdout:

==================Model Analysis Report======================
Incomplete shape.
Incomplete shape.

Doc:
scope: The nodes in the model graph are organized by their names, which is hierarchical like filesystem.
flops: Number of float operations. Note: Please read the implementation for the math behind it.

Profile:
node name | # float_ops
_TFProfRoot (--/2.40k flops)
  dense/kernel/Initializer/random_uniform (600/1.20k flops)
    dense/kernel/Initializer/random_uniform/mul (600/600 flops)
    dense/kernel/Initializer/random_uniform/sub (1/1 flops)
  dense/kernel/Regularizer/Square (600/600 flops)
  dense/kernel/Regularizer/Sum (599/599 flops)
  dense/kernel/Regularizer/mul (1/1 flops)
  gradients/sparse_softmax_cross_entropy_loss/value_grad/Neg (1/1 flops)
  gradients/sparse_softmax_cross_entropy_loss/value_grad/mul (1/1 flops)
  sparse_softmax_cross_entropy_loss/num_present/Equal (1/1 flops)

======================End of Report==========================
Training with 10/30 workers ---
sum of K (set==2) 24058 (30,)
WARNING:tensorflow:From /home/aig/NailIt/FedProx/flearn/models/synthetic/mclr.py:58: Variable.load (from tensorflow.python.ops.variables) is deprecated and will be removed in a future version.
Instructions for updating:
Prefer Variable.assign which has equivalent behavior in 2.X.
2022-09-27 20:34:29.834218: I tensorflow/stream_executor/platform/default/dso_loader.cc:49] Successfully opened dynamic library libcublas.so.10
At round 0 accuracy: 0.035977859778597784
At round 0 training accuracy: 0.035104166666666665
At round 0 training loss: 4.849575720814367
At round 1 accuracy: 0.44003690036900367
At round 1 training accuracy: 0.47239583333333335
At round 1 training loss: 1.7874599443624417
At round 2 accuracy: 0.3274907749077491
At round 2 training accuracy: 0.35010416666666666
At round 2 training loss: 2.2778543742746113
At round 3 accuracy: 0.09132841328413284
At round 3 training accuracy: 0.1065625
At round 3 training loss: 2.307382511397203
At round 4 accuracy: 0.13007380073800737
At round 4 training accuracy: 0.12385416666666667
At round 4 training loss: 2.328377090195815
At round 5 accuracy: 0.4418819188191882
At round 5 training accuracy: 0.46541666666666665
At round 5 training loss: 2.2443087621033193
At round 6 accuracy: 0.12084870848708487
At round 6 training accuracy: 0.1321875
At round 6 training loss: 2.3110340578854083
At round 7 accuracy: 0.11346863468634687
At round 7 training accuracy: 0.11385416666666667
At round 7 training loss: 2.305427864144246
At round 8 accuracy: 0.09225092250922509
At round 8 training accuracy: 0.09239583333333333
At round 8 training loss: 2.3361511051654817
At round 9 accuracy: 0.5009225092250923
At round 9 training accuracy: 0.5260416666666666
At round 9 training loss: 1.8946838220208884
At round 10 accuracy: 0.4833948339483395
At round 10 training accuracy: 0.48875
At round 10 training loss: 2.2319624641289315
At round 11 accuracy: 0.11254612546125461
At round 11 training accuracy: 0.123125
At round 11 training loss: 2.308835051432252
At round 12 accuracy: 0.10977859778597786
At round 12 training accuracy: 0.10895833333333334
At round 12 training loss: 2.3197211908052364
At round 13 accuracy: 0.4418819188191882
At round 13 training accuracy: 0.46416666666666667
At round 13 training loss: 2.235955704078078
At round 14 accuracy: 0.44280442804428044
At round 14 training accuracy: 0.48239583333333336
At round 14 training loss: 1.7551075191795826
At round 15 accuracy: 0.11715867158671586
At round 15 training accuracy: 0.11760416666666666
At round 15 training loss: 2.284787263870239
At round 16 accuracy: 0.1014760147601476
At round 16 training accuracy: 0.09354166666666666
At round 16 training loss: 2.3205389103541774
At round 17 accuracy: 0.44649446494464945
At round 17 training accuracy: 0.4691666666666667
At round 17 training loss: 1.8064183052753409
At round 18 accuracy: 0.09317343173431734
At round 18 training accuracy: 0.10833333333333334
At round 18 training loss: 2.2798233131567636
At round 19 accuracy: 0.13376383763837638
At round 19 training accuracy: 0.14479166666666668
At round 19 training loss: 2.310714840690295
At round 20 accuracy: 0.3726937269372694
At round 20 training accuracy: 0.38395833333333335
At round 20 training loss: 2.2641222510983545
At round 21 accuracy: 0.1429889298892989
At round 21 training accuracy: 0.13572916666666668
At round 21 training loss: 2.3113759743918973
At round 22 accuracy: 0.12730627306273062
At round 22 training accuracy: 0.13666666666666666
At round 22 training loss: 2.2995869889607032
At round 23 accuracy: 0.3634686346863469
At round 23 training accuracy: 0.3796875
At round 23 training loss: 2.2577092373371124
At round 24 accuracy: 0.4981549815498155
At round 24 training accuracy: 0.52125
At round 24 training loss: 2.2529872577885786
At round 25 accuracy: 0.09686346863468635
At round 25 training accuracy: 0.10604166666666667
At round 25 training loss: 2.322278602992495
At round 26 accuracy: 0.09317343173431734
At round 26 training accuracy: 0.09854166666666667
At round 26 training loss: 2.3283814557145037
At round 27 accuracy: 0.12453874538745388
At round 27 training accuracy: 0.11333333333333333
At round 27 training loss: 2.3184152319530646
At round 28 accuracy: 0.4981549815498155
At round 28 training accuracy: 0.5328125
At round 28 training loss: 1.780441407263279
At round 29 accuracy: 0.0959409594095941
At round 29 training accuracy: 0.09885416666666667
At round 29 training loss: 2.2783564676096044
At round 30 accuracy: 0.11162361623616236
At round 30 training accuracy: 0.1134375
At round 30 training loss: 2.3224264513204496
At round 31 accuracy: 0.05166051660516605
At round 31 training accuracy: 0.05125
At round 31 training loss: 2.2937839433799185
At round 32 accuracy: 0.514760147601476
At round 32 training accuracy: 0.5355208333333333
At round 32 training loss: 1.8794778157273928
At round 33 accuracy: 0.46863468634686345
At round 33 training accuracy: 0.4969791666666667
At round 33 training loss: 1.720213043342034
At round 34 accuracy: 0.48800738007380073
At round 34 training accuracy: 0.51375
At round 34 training loss: 2.2282612112661204
At round 35 accuracy: 0.44280442804428044
At round 35 training accuracy: 0.48041666666666666
At round 35 training loss: 2.2264390740791957
At round 36 accuracy: 0.10608856088560886
At round 36 training accuracy: 0.10291666666666667
At round 36 training loss: 2.3256746535003185
At round 37 accuracy: 0.41789667896678967
At round 37 training accuracy: 0.43927083333333333
At round 37 training loss: 1.7539186287174622
At round 38 accuracy: 0.3551660516605166
At round 38 training accuracy: 0.37697916666666664
At round 38 training loss: 2.258071393892169
At round 39 accuracy: 0.4584870848708487
At round 39 training accuracy: 0.44458333333333333
At round 39 training loss: 2.2401912723233304
At round 40 accuracy: 0.488929889298893
At round 40 training accuracy: 0.5207291666666667
At round 40 training loss: 2.245564006169637
At round 41 accuracy: 0.5101476014760148
At round 41 training accuracy: 0.5009375
At round 41 training loss: 1.850347961311539
At round 42 accuracy: 0.3699261992619926
At round 42 training accuracy: 0.355
At round 42 training loss: 2.2559495161970458
At round 43 accuracy: 0.47509225092250923
At round 43 training accuracy: 0.5016666666666667
At round 43 training loss: 1.7477428325762352
At round 44 accuracy: 0.48154981549815495
At round 44 training accuracy: 0.4663541666666667
At round 44 training loss: 1.7625978431353966
At round 45 accuracy: 0.13745387453874539
At round 45 training accuracy: 0.143125
At round 45 training loss: 2.2944947603096564
At round 46 accuracy: 0.10055350553505535
At round 46 training accuracy: 0.11666666666666667
At round 46 training loss: 2.3165025905519725
At round 47 accuracy: 0.11162361623616236
At round 47 training accuracy: 0.11614583333333334
At round 47 training loss: 2.3090289049595594
At round 48 accuracy: 0.07564575645756458
At round 48 training accuracy: 0.0603125
At round 48 training loss: 2.3256143371015785
At round 49 accuracy: 0.466789667896679
At round 49 training accuracy: 0.4919791666666667
At round 49 training loss: 1.7776957239334783
At round 50 accuracy: 0.42343173431734316
At round 50 training accuracy: 0.45458333333333334
At round 50 training loss: 1.8697533492247265
At round 51 accuracy: 0.3736162361623616
At round 51 training accuracy: 0.38979166666666665
At round 51 training loss: 2.265476811627547
At round 52 accuracy: 0.4511070110701107
At round 52 training accuracy: 0.4775
At round 52 training loss: 2.237836491540074
At round 53 accuracy: 0.4381918819188192
At round 53 training accuracy: 0.4559375
At round 53 training loss: 1.7624063989147545
At round 54 accuracy: 0.49723247232472323
At round 54 training accuracy: 0.5265625
At round 54 training loss: 2.2229760567843915
At round 55 accuracy: 0.10516605166051661
At round 55 training accuracy: 0.10989583333333333
At round 55 training loss: 2.295856790319085
At round 56 accuracy: 0.477859778597786
At round 56 training accuracy: 0.5129166666666667
At round 56 training loss: 1.8008958853284518
At round 57 accuracy: 0.09040590405904059
At round 57 training accuracy: 0.0884375
At round 57 training loss: 2.2805587820957105
At round 58 accuracy: 0.1282287822878229
At round 58 training accuracy: 0.1334375
At round 58 training loss: 2.311776516363025
At round 59 accuracy: 0.48985239852398527
At round 59 training accuracy: 0.5242708333333334
At round 59 training loss: 1.760537879516681
At round 60 accuracy: 0.11992619926199262
At round 60 training accuracy: 0.11166666666666666
At round 60 training loss: 2.2909039149433372
At round 61 accuracy: 0.4935424354243542
At round 61 training accuracy: 0.5280208333333334
At round 61 training loss: 1.9292076565076908
At round 62 accuracy: 0.477859778597786
At round 62 training accuracy: 0.4689583333333333
At round 62 training loss: 1.8978531146918733
At round 63 accuracy: 0.41697416974169743
At round 63 training accuracy: 0.4323958333333333
At round 63 training loss: 2.224884527573983
At round 64 accuracy: 0.49723247232472323
At round 64 training accuracy: 0.5289583333333333
At round 64 training loss: 1.7628773502632975
At round 65 accuracy: 0.496309963099631
At round 65 training accuracy: 0.508125
At round 65 training loss: 1.8576764216398198
At round 66 accuracy: 0.3625461254612546
At round 66 training accuracy: 0.3815625
At round 66 training loss: 2.2741094706455867
At round 67 accuracy: 0.10608856088560886
At round 67 training accuracy: 0.11083333333333334
At round 67 training loss: 2.314563317075372
At round 68 accuracy: 0.0959409594095941
At round 68 training accuracy: 0.1009375
At round 68 training loss: 2.3453583304584025
At round 69 accuracy: 0.11254612546125461
At round 69 training accuracy: 0.10125
At round 69 training loss: 2.3200582060962915
At round 70 accuracy: 0.47601476014760147
At round 70 training accuracy: 0.5070833333333333
At round 70 training loss: 1.7617602708439033
At round 71 accuracy: 0.4483394833948339
At round 71 training accuracy: 0.48552083333333335
At round 71 training loss: 2.2296748107920092
At round 72 accuracy: 0.5027675276752768
At round 72 training accuracy: 0.52375
At round 72 training loss: 2.2386979066828885
At round 73 accuracy: 0.11531365313653137
At round 73 training accuracy: 0.11770833333333333
At round 73 training loss: 2.3343564318368832
At round 74 accuracy: 0.507380073800738
At round 74 training accuracy: 0.5094791666666667
At round 74 training loss: 1.7701704221467176
At round 75 accuracy: 0.06826568265682657
At round 75 training accuracy: 0.07104166666666667
At round 75 training loss: 2.2808044257263345
At round 76 accuracy: 0.10239852398523985
At round 76 training accuracy: 0.10875
At round 76 training loss: 2.340049538835883
At round 77 accuracy: 0.1088560885608856
At round 77 training accuracy: 0.099375
At round 77 training loss: 2.3506026905278365
At round 78 accuracy: 0.5230627306273062
At round 78 training accuracy: 0.5240625
At round 78 training loss: 2.2434395427753526
At round 79 accuracy: 0.5138376383763837
At round 79 training accuracy: 0.5107291666666667
At round 79 training loss: 2.2538118744889895
At round 80 accuracy: 0.13560885608856088
At round 80 training accuracy: 0.11854166666666667
At round 80 training loss: 2.3090095950663088
At round 81 accuracy: 0.11900369003690037
At round 81 training accuracy: 0.13447916666666668
At round 81 training loss: 2.3110256960491338
At round 82 accuracy: 0.4566420664206642
At round 82 training accuracy: 0.435
At round 82 training loss: 2.2466795166085163
At round 83 accuracy: 0.4843173431734317
At round 83 training accuracy: 0.48260416666666667
At round 83 training loss: 1.7611792119344076
At round 84 accuracy: 0.4769372693726937
At round 84 training accuracy: 0.4561458333333333
At round 84 training loss: 1.7474106270323198
At round 85 accuracy: 0.4833948339483395
At round 85 training accuracy: 0.5061458333333333
At round 85 training loss: 2.244518970598777
At round 86 accuracy: 0.12084870848708487
At round 86 training accuracy: 0.12927083333333333
At round 86 training loss: 2.323149718170365
At round 87 accuracy: 0.496309963099631
At round 87 training accuracy: 0.483125
At round 87 training loss: 1.7005360431596637
At round 88 accuracy: 0.4474169741697417
At round 88 training accuracy: 0.4671875
At round 88 training loss: 1.9371262687196333
At round 89 accuracy: 0.11254612546125461
At round 89 training accuracy: 0.11010416666666667
At round 89 training loss: 2.299615254153808
At round 90 accuracy: 0.5101476014760148
At round 90 training accuracy: 0.5215625
At round 90 training loss: 1.803922865477701
At round 91 accuracy: 0.47878228782287824
At round 91 training accuracy: 0.50875
At round 91 training loss: 1.7433931407829126
At round 92 accuracy: 0.37177121771217714
At round 92 training accuracy: 0.39697916666666666
At round 92 training loss: 2.255700386563937
At round 93 accuracy: 0.08394833948339483
At round 93 training accuracy: 0.08114583333333333
At round 93 training loss: 2.3064088457574448
At round 94 accuracy: 0.06088560885608856
At round 94 training accuracy: 0.0584375
At round 94 training loss: 2.3277446823815504
At round 95 accuracy: 0.09225092250922509
At round 95 training accuracy: 0.08541666666666667
At round 95 training loss: 2.3126808375368517
At round 96 accuracy: 0.06273062730627306
At round 96 training accuracy: 0.07
At round 96 training loss: 2.3101056801031032
At round 97 accuracy: 0.13099630996309963
At round 97 training accuracy: 0.13020833333333334
At round 97 training loss: 2.301109659920136
At round 98 accuracy: 0.42712177121771217
At round 98 training accuracy: 0.44625
At round 98 training loss: 2.2488835231711466
At round 99 accuracy: 0.4870848708487085
At round 99 training accuracy: 0.49302083333333335
At round 99 training loss: 2.2471207917978364
At round 100 accuracy: 0.5138376383763837
At round 100 training accuracy: 0.5480208333333333
At round 100 training loss: 2.2400298221657673
At round 101 accuracy: 0.1429889298892989
At round 101 training accuracy: 0.14083333333333334
At round 101 training loss: 2.3227275151511035
At round 102 accuracy: 0.12084870848708487
At round 102 training accuracy: 0.1334375
At round 102 training loss: 2.305144994358222
At round 103 accuracy: 0.09778597785977859
At round 103 training accuracy: 0.109375
At round 103 training loss: 2.3192839188625416
At round 104 accuracy: 0.525830258302583
At round 104 training accuracy: 0.5447916666666667
At round 104 training loss: 1.7458307832603652
At round 105 accuracy: 0.511070110701107
At round 105 training accuracy: 0.5470833333333334
At round 105 training loss: 2.2322253803908825
At round 106 accuracy: 0.1014760147601476
At round 106 training accuracy: 0.10208333333333333
At round 106 training loss: 2.3228253363072873
At round 107 accuracy: 0.44649446494464945
At round 107 training accuracy: 0.47041666666666665
At round 107 training loss: 1.774226572116216
At round 108 accuracy: 0.09317343173431734
At round 108 training accuracy: 0.08291666666666667
At round 108 training loss: 2.2782631778468687
At round 109 accuracy: 0.492619926199262
At round 109 training accuracy: 0.4607291666666667
At round 109 training loss: 2.257296719352404
At round 110 accuracy: 0.11715867158671586
At round 110 training accuracy: 0.13125
At round 110 training loss: 2.3093305983394385
At round 111 accuracy: 0.0996309963099631
At round 111 training accuracy: 0.10385416666666666
At round 111 training loss: 2.3040465249121187
At round 112 accuracy: 0.48800738007380073
At round 112 training accuracy: 0.47989583333333335
At round 112 training loss: 2.2569885284950337
At round 113 accuracy: 0.48154981549815495
At round 113 training accuracy: 0.516875
At round 113 training loss: 1.7996772197758157
At round 114 accuracy: 0.5166051660516605
At round 114 training accuracy: 0.5610416666666667
At round 114 training loss: 2.287406272192796
At round 115 accuracy: 0.5212177121771218
At round 115 training accuracy: 0.5459375
At round 115 training loss: 1.7772335517778992
At round 116 accuracy: 0.11254612546125461
At round 116 training accuracy: 0.10239583333333334
At round 116 training loss: 2.2938233272731305
At round 117 accuracy: 0.09778597785977859
At round 117 training accuracy: 0.08833333333333333
At round 117 training loss: 2.331384141171972
At round 118 accuracy: 0.39114391143911437
At round 118 training accuracy: 0.4096875
At round 118 training loss: 1.6591543824101487
At round 119 accuracy: 0.39022140221402213
At round 119 training accuracy: 0.4175
At round 119 training loss: 2.2589137600610654
At round 120 accuracy: 0.47509225092250923
At round 120 training accuracy: 0.5040625
At round 120 training loss: 2.2363151664535206
At round 121 accuracy: 0.13653136531365315
At round 121 training accuracy: 0.13229166666666667
At round 121 training loss: 2.3090793994565804
At round 122 accuracy: 0.44003690036900367
At round 122 training accuracy: 0.47
At round 122 training loss: 1.8110977193961542
At round 123 accuracy: 0.12730627306273062
At round 123 training accuracy: 0.11270833333333333
At round 123 training loss: 2.298218472947677
At round 124 accuracy: 0.11531365313653137
At round 124 training accuracy: 0.1284375
At round 124 training loss: 2.317609111269315
At round 125 accuracy: 0.5175276752767528
At round 125 training accuracy: 0.5545833333333333
At round 125 training loss: 1.7871703896423181
At round 126 accuracy: 0.3607011070110701
At round 126 training accuracy: 0.394375
At round 126 training loss: 2.230500990897417
At round 127 accuracy: 0.13745387453874539
At round 127 training accuracy: 0.12083333333333333
At round 127 training loss: 2.3263396260887386
At round 128 accuracy: 0.11531365313653137
At round 128 training accuracy: 0.12322916666666667
At round 128 training loss: 2.30841678177317
At round 129 accuracy: 0.10977859778597786
At round 129 training accuracy: 0.12239583333333333
At round 129 training loss: 2.3168993206570545
At round 130 accuracy: 0.11715867158671586
At round 130 training accuracy: 0.10645833333333334
At round 130 training loss: 2.32245052849253
At round 131 accuracy: 0.41789667896678967
At round 131 training accuracy: 0.4010416666666667
At round 131 training loss: 2.2349847390999398
At round 132 accuracy: 0.488929889298893
At round 132 training accuracy: 0.515
At round 132 training loss: 1.7534712657953302
At round 133 accuracy: 0.48247232472324725
At round 133 training accuracy: 0.5114583333333333
At round 133 training loss: 1.678448090242843
At round 134 accuracy: 0.45387453874538747
At round 134 training accuracy: 0.4842708333333333
At round 134 training loss: 2.252536691154043
At round 135 accuracy: 0.09686346863468635
At round 135 training accuracy: 0.10802083333333333
At round 135 training loss: 2.3154330791532995
At round 136 accuracy: 0.511070110701107
At round 136 training accuracy: 0.5057291666666667
At round 136 training loss: 2.2565792759011187
At round 137 accuracy: 0.07103321033210332
At round 137 training accuracy: 0.06520833333333333
At round 137 training loss: 2.3027536785105864
At round 138 accuracy: 0.5
At round 138 training accuracy: 0.5275
At round 138 training loss: 1.7542316733921568
At round 139 accuracy: 0.5055350553505535
At round 139 training accuracy: 0.5347916666666667
At round 139 training loss: 1.895091599089404
At round 140 accuracy: 0.45387453874538747
At round 140 training accuracy: 0.4426041666666667
At round 140 training loss: 2.2686320466548207
At round 141 accuracy: 0.0996309963099631
At round 141 training accuracy: 0.11
At round 141 training loss: 2.310388316685955
At round 142 accuracy: 0.13653136531365315
At round 142 training accuracy: 0.13572916666666668
At round 142 training loss: 2.3188179313391446
At round 143 accuracy: 0.35793357933579334
At round 143 training accuracy: 0.378125
At round 143 training loss: 2.2304887859523297
At round 144 accuracy: 0.10608856088560886
At round 144 training accuracy: 0.11
At round 144 training loss: 2.3042419139047463
At round 145 accuracy: 0.3856088560885609
At round 145 training accuracy: 0.4153125
At round 145 training loss: 2.2567051956554254
At round 146 accuracy: 0.5064575645756457
At round 146 training accuracy: 0.5380208333333333
At round 146 training loss: 1.6852086158717672
At round 147 accuracy: 0.1014760147601476
At round 147 training accuracy: 0.0990625
At round 147 training loss: 2.2640912501265604
At round 148 accuracy: 0.49538745387453875
At round 148 training accuracy: 0.5319791666666667
At round 148 training loss: 1.6970586644982297
At round 149 accuracy: 0.3994464944649446
At round 149 training accuracy: 0.4146875
At round 149 training loss: 2.2450665497531492
At round 150 accuracy: 0.5175276752767528
At round 150 training accuracy: 0.5388541666666666
At round 150 training loss: 1.7465812875827154
At round 151 accuracy: 0.470479704797048
At round 151 training accuracy: 0.5029166666666667
At round 151 training loss: 2.24314132583638
At round 152 accuracy: 0.474169741697417
At round 152 training accuracy: 0.4790625
At round 152 training loss: 1.7835326033458114
At round 153 accuracy: 0.522140221402214
At round 153 training accuracy: 0.5441666666666667
At round 153 training loss: 2.226207959552606
At round 154 accuracy: 0.4077490774907749
At round 154 training accuracy: 0.430625
At round 154 training loss: 2.245246501018604
At round 155 accuracy: 0.12638376383763839
At round 155 training accuracy: 0.1159375
At round 155 training loss: 2.314783291618029
At round 156 accuracy: 0.4418819188191882
At round 156 training accuracy: 0.46010416666666665
At round 156 training loss: 2.2608904849986233
At round 157 accuracy: 0.4040590405904059
At round 157 training accuracy: 0.42822916666666666
At round 157 training loss: 2.3130891378968954
At round 158 accuracy: 0.4317343173431734
At round 158 training accuracy: 0.44729166666666664
At round 158 training loss: 2.2493652118742467
At round 159 accuracy: 0.44280442804428044
At round 159 training accuracy: 0.47625
At round 159 training loss: 2.261321657548348
At round 160 accuracy: 0.13745387453874539
At round 160 training accuracy: 0.1428125
At round 160 training loss: 2.29629990371565
At round 161 accuracy: 0.08210332103321033
At round 161 training accuracy: 0.0765625
At round 161 training loss: 2.324317744895816
At round 162 accuracy: 0.5
At round 162 training accuracy: 0.5352083333333333
At round 162 training loss: 2.2332360208779574
At round 163 accuracy: 0.4446494464944649
At round 163 training accuracy: 0.4241666666666667
At round 163 training loss: 1.7416177453224857
At round 164 accuracy: 0.4870848708487085
At round 164 training accuracy: 0.5239583333333333
At round 164 training loss: 1.9232550592223803
At round 165 accuracy: 0.3773062730627306
At round 165 training accuracy: 0.39979166666666666
At round 165 training loss: 2.2708368239800136
At round 166 accuracy: 0.08487084870848709
At round 166 training accuracy: 0.09354166666666666
At round 166 training loss: 2.291388637845715
At round 167 accuracy: 0.47878228782287824
At round 167 training accuracy: 0.5183333333333333
At round 167 training loss: 2.228884659806887
At round 168 accuracy: 0.5009225092250923
At round 168 training accuracy: 0.5303125
At round 168 training loss: 2.239823752815525
At round 169 accuracy: 0.4907749077490775
At round 169 training accuracy: 0.5165625
At round 169 training loss: 1.9313742382079362
At round 170 accuracy: 0.5055350553505535
At round 170 training accuracy: 0.5307291666666667
At round 170 training loss: 1.8139479204639792
At round 171 accuracy: 0.3662361623616236
At round 171 training accuracy: 0.395625
At round 171 training loss: 2.2699557417382796
At round 172 accuracy: 0.37177121771217714
At round 172 training accuracy: 0.3628125
At round 172 training loss: 2.2665458128849667
At round 173 accuracy: 0.11070110701107011
At round 173 training accuracy: 0.11583333333333333
At round 173 training loss: 2.3154007679969073
At round 174 accuracy: 0.48247232472324725
At round 174 training accuracy: 0.4696875
At round 174 training loss: 1.8169097590446472
At round 175 accuracy: 0.1033210332103321
At round 175 training accuracy: 0.10958333333333334
At round 175 training loss: 2.2810039083162943
At round 176 accuracy: 0.4584870848708487
At round 176 training accuracy: 0.4947916666666667
At round 176 training loss: 1.7629467647895216
At round 177 accuracy: 0.3856088560885609
At round 177 training accuracy: 0.405625
At round 177 training loss: 2.261386866296331
At round 178 accuracy: 0.08579335793357934
At round 178 training accuracy: 0.08104166666666666
At round 178 training loss: 2.308137133618196
At round 179 accuracy: 0.10608856088560886
At round 179 training accuracy: 0.10010416666666666
At round 179 training loss: 2.325355474129319
At round 180 accuracy: 0.4732472324723247
At round 180 training accuracy: 0.5005208333333333
At round 180 training loss: 1.7923918538043897
At round 181 accuracy: 0.4326568265682657
At round 181 training accuracy: 0.44979166666666665
At round 181 training loss: 1.6715194383139411
At round 182 accuracy: 0.4981549815498155
At round 182 training accuracy: 0.5217708333333333
At round 182 training loss: 1.7955091935644547
At round 183 accuracy: 0.492619926199262
At round 183 training accuracy: 0.5173958333333334
At round 183 training loss: 1.727162586413324
At round 184 accuracy: 0.470479704797048
At round 184 training accuracy: 0.45645833333333335
At round 184 training loss: 1.7441932598873973
At round 185 accuracy: 0.08948339483394833
At round 185 training accuracy: 0.09520833333333334
At round 185 training loss: 2.277700345913569
At round 186 accuracy: 0.3800738007380074
At round 186 training accuracy: 0.3695833333333333
At round 186 training loss: 1.6973818121974666
At round 187 accuracy: 0.10608856088560886
At round 187 training accuracy: 0.1021875
At round 187 training loss: 2.284808154553175
At round 188 accuracy: 0.1088560885608856
At round 188 training accuracy: 0.10458333333333333
At round 188 training loss: 2.3195206647117934
At round 189 accuracy: 0.07933579335793357
At round 189 training accuracy: 0.0734375
At round 189 training loss: 2.3018630172808967
At round 190 accuracy: 0.08856088560885608
At round 190 training accuracy: 0.08604166666666667
At round 190 training loss: 2.2976647705833115
At round 191 accuracy: 0.38099630996309963
At round 191 training accuracy: 0.4034375
At round 191 training loss: 2.2444571243971585
At round 192 accuracy: 0.10424354243542436
At round 192 training accuracy: 0.11614583333333334
At round 192 training loss: 2.3160935680071515
At round 193 accuracy: 0.10055350553505535
At round 193 training accuracy: 0.1153125
At round 193 training loss: 2.262166579489907
At round 194 accuracy: 0.48247232472324725
At round 194 training accuracy: 0.5111458333333333
At round 194 training loss: 1.8853643560657898
At round 195 accuracy: 0.46863468634686345
At round 195 training accuracy: 0.5016666666666667
At round 195 training loss: 2.2247455708682535
At round 196 accuracy: 0.43726937269372695
At round 196 training accuracy: 0.4521875
At round 196 training loss: 2.230205098465085
At round 197 accuracy: 0.10793357933579335
At round 197 training accuracy: 0.09395833333333334
At round 197 training loss: 2.3036237247288227
At round 198 accuracy: 0.09778597785977859
At round 198 training accuracy: 0.10072916666666666
At round 198 training loss: 2.327261660322547
At round 199 accuracy: 0.47232472324723246
At round 199 training accuracy: 0.5010416666666667
At round 199 training loss: 2.2271640381713707
At round 200 accuracy: 0.492619926199262
At round 200 training accuracy: 0.5241666666666667
