PYTHONPATH
2022-09-27 13:48:05.048380: I tensorflow/stream_executor/platform/default/dso_loader.cc:49] Successfully opened dynamic library libcudart.so.10.1
WARNING:tensorflow:From /home/aig/.conda/envs/tfl/lib/python3.9/site-packages/tensorflow/python/compat/v2_compat.py:96: disable_resource_variables (from tensorflow.python.ops.variable_scope) is deprecated and will be removed in a future version.
Instructions for updating:
non-resource variables are not supported in the long term
Arguments:
	         Jmax : 50
	            L : 40
	            M : 10
	     MC_trial : 50
	            N : 5
	          SNR : 90
	   batch_size : 10
	      dataset : synthetic_1_1
	 drop_percent : 0.0
	   eval_every : 1
	learning_rate : 0.01
	        model : mclr
	 model_params : (10,)
	           mu : 0
	          nit : 100
	   num_epochs : 20
	    num_iters : 1
	   num_rounds : 200
	    optimizer : fedavg
	         seed : 0
	          set : 2
	          tau : 1
	    threshold : 0.01
	      verbose : 0
Using Federated avg to Train
/home/aig/.conda/envs/tfl/lib/python3.9/site-packages/tensorflow/python/keras/legacy_tf_layers/core.py:171: UserWarning: `tf.layers.dense` is deprecated and will be removed in a future version. Please use `tf.keras.layers.Dense` instead.
  warnings.warn('`tf.layers.dense` is deprecated and '
/home/aig/.conda/envs/tfl/lib/python3.9/site-packages/tensorflow/python/keras/engine/base_layer_v1.py:1719: UserWarning: `layer.apply` is deprecated and will be removed in a future version. Please use `layer.__call__` method instead.
  warnings.warn('`layer.apply` is deprecated and '
2022-09-27 13:48:07.605960: I tensorflow/compiler/jit/xla_cpu_device.cc:41] Not creating XLA devices, tf_xla_enable_xla_devices not set
2022-09-27 13:48:07.607379: I tensorflow/stream_executor/platform/default/dso_loader.cc:49] Successfully opened dynamic library libcuda.so.1
2022-09-27 13:48:07.682580: I tensorflow/core/common_runtime/gpu/gpu_device.cc:1720] Found device 0 with properties: 
pciBusID: 0000:18:00.0 name: NVIDIA GeForce RTX 3090 computeCapability: 8.6
coreClock: 1.695GHz coreCount: 82 deviceMemorySize: 23.70GiB deviceMemoryBandwidth: 871.81GiB/s
2022-09-27 13:48:07.683418: I tensorflow/core/common_runtime/gpu/gpu_device.cc:1720] Found device 1 with properties: 
pciBusID: 0000:3b:00.0 name: NVIDIA GeForce RTX 3090 computeCapability: 8.6
coreClock: 1.695GHz coreCount: 82 deviceMemorySize: 23.70GiB deviceMemoryBandwidth: 871.81GiB/s
2022-09-27 13:48:07.684204: I tensorflow/core/common_runtime/gpu/gpu_device.cc:1720] Found device 2 with properties: 
pciBusID: 0000:86:00.0 name: NVIDIA GeForce RTX 3090 computeCapability: 8.6
coreClock: 1.695GHz coreCount: 82 deviceMemorySize: 23.70GiB deviceMemoryBandwidth: 871.81GiB/s
2022-09-27 13:48:07.684905: I tensorflow/core/common_runtime/gpu/gpu_device.cc:1720] Found device 3 with properties: 
pciBusID: 0000:af:00.0 name: NVIDIA GeForce RTX 3090 computeCapability: 8.6
coreClock: 1.695GHz coreCount: 82 deviceMemorySize: 23.70GiB deviceMemoryBandwidth: 871.81GiB/s
2022-09-27 13:48:07.684955: I tensorflow/stream_executor/platform/default/dso_loader.cc:49] Successfully opened dynamic library libcudart.so.10.1
2022-09-27 13:48:07.689822: I tensorflow/stream_executor/platform/default/dso_loader.cc:49] Successfully opened dynamic library libcublas.so.10
2022-09-27 13:48:07.689935: I tensorflow/stream_executor/platform/default/dso_loader.cc:49] Successfully opened dynamic library libcublasLt.so.10
2022-09-27 13:48:07.694642: I tensorflow/stream_executor/platform/default/dso_loader.cc:49] Successfully opened dynamic library libcufft.so.10
2022-09-27 13:48:07.696063: I tensorflow/stream_executor/platform/default/dso_loader.cc:49] Successfully opened dynamic library libcurand.so.10
2022-09-27 13:48:07.701074: I tensorflow/stream_executor/platform/default/dso_loader.cc:49] Successfully opened dynamic library libcusolver.so.10
2022-09-27 13:48:07.703757: I tensorflow/stream_executor/platform/default/dso_loader.cc:49] Successfully opened dynamic library libcusparse.so.10
2022-09-27 13:48:07.712974: I tensorflow/stream_executor/platform/default/dso_loader.cc:49] Successfully opened dynamic library libcudnn.so.7
2022-09-27 13:48:07.717667: I tensorflow/core/common_runtime/gpu/gpu_device.cc:1862] Adding visible gpu devices: 0, 1, 2, 3
2022-09-27 13:48:07.718759: I tensorflow/core/platform/cpu_feature_guard.cc:142] This TensorFlow binary is optimized with oneAPI Deep Neural Network Library (oneDNN) to use the following CPU instructions in performance-critical operations:  SSE4.1 SSE4.2 AVX AVX2 AVX512F FMA
To enable them in other operations, rebuild TensorFlow with the appropriate compiler flags.
2022-09-27 13:48:07.720651: I tensorflow/compiler/jit/xla_gpu_device.cc:99] Not creating XLA devices, tf_xla_enable_xla_devices not set
2022-09-27 13:48:08.209962: I tensorflow/core/common_runtime/gpu/gpu_device.cc:1720] Found device 0 with properties: 
pciBusID: 0000:18:00.0 name: NVIDIA GeForce RTX 3090 computeCapability: 8.6
coreClock: 1.695GHz coreCount: 82 deviceMemorySize: 23.70GiB deviceMemoryBandwidth: 871.81GiB/s
2022-09-27 13:48:08.210447: I tensorflow/core/common_runtime/gpu/gpu_device.cc:1720] Found device 1 with properties: 
pciBusID: 0000:3b:00.0 name: NVIDIA GeForce RTX 3090 computeCapability: 8.6
coreClock: 1.695GHz coreCount: 82 deviceMemorySize: 23.70GiB deviceMemoryBandwidth: 871.81GiB/s
2022-09-27 13:48:08.210865: I tensorflow/core/common_runtime/gpu/gpu_device.cc:1720] Found device 2 with properties: 
pciBusID: 0000:86:00.0 name: NVIDIA GeForce RTX 3090 computeCapability: 8.6
coreClock: 1.695GHz coreCount: 82 deviceMemorySize: 23.70GiB deviceMemoryBandwidth: 871.81GiB/s
2022-09-27 13:48:08.211273: I tensorflow/core/common_runtime/gpu/gpu_device.cc:1720] Found device 3 with properties: 
pciBusID: 0000:af:00.0 name: NVIDIA GeForce RTX 3090 computeCapability: 8.6
coreClock: 1.695GHz coreCount: 82 deviceMemorySize: 23.70GiB deviceMemoryBandwidth: 871.81GiB/s
2022-09-27 13:48:08.211314: I tensorflow/stream_executor/platform/default/dso_loader.cc:49] Successfully opened dynamic library libcudart.so.10.1
2022-09-27 13:48:08.211347: I tensorflow/stream_executor/platform/default/dso_loader.cc:49] Successfully opened dynamic library libcublas.so.10
2022-09-27 13:48:08.211362: I tensorflow/stream_executor/platform/default/dso_loader.cc:49] Successfully opened dynamic library libcublasLt.so.10
2022-09-27 13:48:08.211376: I tensorflow/stream_executor/platform/default/dso_loader.cc:49] Successfully opened dynamic library libcufft.so.10
2022-09-27 13:48:08.211390: I tensorflow/stream_executor/platform/default/dso_loader.cc:49] Successfully opened dynamic library libcurand.so.10
2022-09-27 13:48:08.211404: I tensorflow/stream_executor/platform/default/dso_loader.cc:49] Successfully opened dynamic library libcusolver.so.10
2022-09-27 13:48:08.211418: I tensorflow/stream_executor/platform/default/dso_loader.cc:49] Successfully opened dynamic library libcusparse.so.10
2022-09-27 13:48:08.211432: I tensorflow/stream_executor/platform/default/dso_loader.cc:49] Successfully opened dynamic library libcudnn.so.7
2022-09-27 13:48:08.214325: I tensorflow/core/common_runtime/gpu/gpu_device.cc:1862] Adding visible gpu devices: 0, 1, 2, 3
2022-09-27 13:48:08.214370: I tensorflow/stream_executor/platform/default/dso_loader.cc:49] Successfully opened dynamic library libcudart.so.10.1
2022-09-27 14:23:27.152568: I tensorflow/core/common_runtime/gpu/gpu_device.cc:1261] Device interconnect StreamExecutor with strength 1 edge matrix:
2022-09-27 14:23:27.152812: I tensorflow/core/common_runtime/gpu/gpu_device.cc:1267]      0 1 2 3 
2022-09-27 14:23:27.152831: I tensorflow/core/common_runtime/gpu/gpu_device.cc:1280] 0:   N N N N 
2022-09-27 14:23:27.152837: I tensorflow/core/common_runtime/gpu/gpu_device.cc:1280] 1:   N N N N 
2022-09-27 14:23:27.152843: I tensorflow/core/common_runtime/gpu/gpu_device.cc:1280] 2:   N N N N 
2022-09-27 14:23:27.152848: I tensorflow/core/common_runtime/gpu/gpu_device.cc:1280] 3:   N N N N 
2022-09-27 14:23:27.155673: I tensorflow/core/common_runtime/gpu/gpu_device.cc:1406] Created TensorFlow device (/job:localhost/replica:0/task:0/device:GPU:0 with 22430 MB memory) -> physical GPU (device: 0, name: NVIDIA GeForce RTX 3090, pci bus id: 0000:18:00.0, compute capability: 8.6)
2022-09-27 14:23:27.157065: I tensorflow/core/common_runtime/gpu/gpu_device.cc:1406] Created TensorFlow device (/job:localhost/replica:0/task:0/device:GPU:1 with 22430 MB memory) -> physical GPU (device: 1, name: NVIDIA GeForce RTX 3090, pci bus id: 0000:3b:00.0, compute capability: 8.6)
2022-09-27 14:23:27.158105: I tensorflow/core/common_runtime/gpu/gpu_device.cc:1406] Created TensorFlow device (/job:localhost/replica:0/task:0/device:GPU:2 with 22430 MB memory) -> physical GPU (device: 2, name: NVIDIA GeForce RTX 3090, pci bus id: 0000:86:00.0, compute capability: 8.6)
2022-09-27 14:23:27.159133: I tensorflow/core/common_runtime/gpu/gpu_device.cc:1406] Created TensorFlow device (/job:localhost/replica:0/task:0/device:GPU:3 with 22430 MB memory) -> physical GPU (device: 3, name: NVIDIA GeForce RTX 3090, pci bus id: 0000:af:00.0, compute capability: 8.6)
2022-09-27 14:23:27.164402: I tensorflow/compiler/mlir/mlir_graph_optimization_pass.cc:196] None of the MLIR optimization passes are enabled (registered 0 passes)
2022-09-27 14:23:27.166518: I tensorflow/core/platform/profile_utils/cpu_utils.cc:112] CPU Frequency: 2400000000 Hz
WARNING:tensorflow:From /home/aig/.conda/envs/tfl/lib/python3.9/site-packages/tensorflow/python/profiler/internal/flops_registry.py:142: tensor_shape_from_node_def_name (from tensorflow.python.framework.graph_util_impl) is deprecated and will be removed in a future version.
Instructions for updating:
Use `tf.compat.v1.graph_util.tensor_shape_from_node_def_name`
Incomplete shape.
Incomplete shape.

=========================Options=============================
-max_depth                  10000
-min_bytes                  0
-min_peak_bytes             0
-min_residual_bytes         0
-min_output_bytes           0
-min_micros                 0
-min_accelerator_micros     0
-min_cpu_micros             0
-min_params                 0
-min_float_ops              1
-min_occurrence             0
-step                       -1
-order_by                   float_ops
-account_type_regexes       .*
-start_name_regexes         .*
-trim_name_regexes          
-show_name_regexes          .*
-hide_name_regexes          
-account_displayed_op_only  true
-select                     float_ops
-output                     stdout:

==================Model Analysis Report======================
Incomplete shape.
Incomplete shape.

Doc:
scope: The nodes in the model graph are organized by their names, which is hierarchical like filesystem.
flops: Number of float operations. Note: Please read the implementation for the math behind it.

Profile:
node name | # float_ops
_TFProfRoot (--/2.40k flops)
  dense/kernel/Initializer/random_uniform (600/1.20k flops)
    dense/kernel/Initializer/random_uniform/mul (600/600 flops)
    dense/kernel/Initializer/random_uniform/sub (1/1 flops)
  dense/kernel/Regularizer/Square (600/600 flops)
  dense/kernel/Regularizer/Sum (599/599 flops)
  dense/kernel/Regularizer/mul (1/1 flops)
  gradients/sparse_softmax_cross_entropy_loss/value_grad/Neg (1/1 flops)
  gradients/sparse_softmax_cross_entropy_loss/value_grad/mul (1/1 flops)
  sparse_softmax_cross_entropy_loss/num_present/Equal (1/1 flops)

======================End of Report==========================
Training with 10/30 workers ---
sum of K (set==2) 24058 (30,)
WARNING:tensorflow:From /home/aig/NailIt/FedProx/flearn/models/synthetic/mclr.py:58: Variable.load (from tensorflow.python.ops.variables) is deprecated and will be removed in a future version.
Instructions for updating:
Prefer Variable.assign which has equivalent behavior in 2.X.
2022-09-27 14:23:50.473571: I tensorflow/stream_executor/platform/default/dso_loader.cc:49] Successfully opened dynamic library libcublas.so.10
At round 0 accuracy: 0.035977859778597784
At round 0 training accuracy: 0.035104166666666665
At round 0 training loss: 4.849575720814367
At round 1 accuracy: 0.44003690036900367
At round 1 training accuracy: 0.47239583333333335
At round 1 training loss: 1.7874598486721516
At round 2 accuracy: 0.3274907749077491
At round 2 training accuracy: 0.35010416666666666
At round 2 training loss: 2.277854287972053
At round 3 accuracy: 0.09132841328413284
At round 3 training accuracy: 0.1065625
At round 3 training loss: 2.307382068981727
At round 4 accuracy: 0.13007380073800737
At round 4 training accuracy: 0.12385416666666667
At round 4 training loss: 2.3283770862718423
At round 5 accuracy: 0.4418819188191882
At round 5 training accuracy: 0.46541666666666665
At round 5 training loss: 2.2443087664743264
At round 6 accuracy: 0.12084870848708487
At round 6 training accuracy: 0.1321875
At round 6 training loss: 2.3110340544829766
At round 7 accuracy: 0.11346863468634687
At round 7 training accuracy: 0.11385416666666667
At round 7 training loss: 2.3054280224442483
At round 8 accuracy: 0.09225092250922509
At round 8 training accuracy: 0.09239583333333333
At round 8 training loss: 2.3361513209342957
At round 9 accuracy: 0.5009225092250923
At round 9 training accuracy: 0.5260416666666666
At round 9 training loss: 1.894683810994029
At round 10 accuracy: 0.4833948339483395
At round 10 training accuracy: 0.48875
At round 10 training loss: 2.23196306395034
At round 11 accuracy: 0.11254612546125461
At round 11 training accuracy: 0.123125
At round 11 training loss: 2.308835370341937
At round 12 accuracy: 0.10977859778597786
At round 12 training accuracy: 0.10895833333333334
At round 12 training loss: 2.3197210039695104
At round 13 accuracy: 0.4418819188191882
At round 13 training accuracy: 0.46416666666666667
At round 13 training loss: 2.235955390557647
At round 14 accuracy: 0.44280442804428044
At round 14 training accuracy: 0.4822916666666667
At round 14 training loss: 1.7551075439651806
At round 15 accuracy: 0.11715867158671586
At round 15 training accuracy: 0.11760416666666666
At round 15 training loss: 2.2847866912186148
At round 16 accuracy: 0.1014760147601476
At round 16 training accuracy: 0.09354166666666666
At round 16 training loss: 2.320538065160314
At round 17 accuracy: 0.44649446494464945
At round 17 training accuracy: 0.4691666666666667
At round 17 training loss: 1.8064185030261675
At round 18 accuracy: 0.09317343173431734
At round 18 training accuracy: 0.10833333333333334
At round 18 training loss: 2.279823535134395
At round 19 accuracy: 0.13376383763837638
At round 19 training accuracy: 0.14479166666666668
At round 19 training loss: 2.310714854498704
At round 20 accuracy: 0.3726937269372694
At round 20 training accuracy: 0.38395833333333335
At round 20 training loss: 2.2641222417602935
At round 21 accuracy: 0.1429889298892989
At round 21 training accuracy: 0.13572916666666668
At round 21 training loss: 2.311376139894128
At round 22 accuracy: 0.12730627306273062
At round 22 training accuracy: 0.13666666666666666
At round 22 training loss: 2.2995871297766763
At round 23 accuracy: 0.3634686346863469
At round 23 training accuracy: 0.3796875
At round 23 training loss: 2.257709210862716
At round 24 accuracy: 0.4981549815498155
At round 24 training accuracy: 0.52125
At round 24 training loss: 2.252987377345562
At round 25 accuracy: 0.09686346863468635
At round 25 training accuracy: 0.10604166666666667
At round 25 training loss: 2.3222779905299347
At round 26 accuracy: 0.09317343173431734
At round 26 training accuracy: 0.09854166666666667
At round 26 training loss: 2.328381523216764
At round 27 accuracy: 0.12453874538745388
At round 27 training accuracy: 0.11333333333333333
At round 27 training loss: 2.3184144511073828
At round 28 accuracy: 0.4981549815498155
At round 28 training accuracy: 0.5328125
At round 28 training loss: 1.7804414810612799
At round 29 accuracy: 0.0959409594095941
At round 29 training accuracy: 0.09885416666666667
At round 29 training loss: 2.27835734171172
At round 30 accuracy: 0.11162361623616236
At round 30 training accuracy: 0.1134375
At round 30 training loss: 2.3224260354290407
At round 31 accuracy: 0.05166051660516605
At round 31 training accuracy: 0.05125
At round 31 training loss: 2.2937840083489816
At round 32 accuracy: 0.514760147601476
At round 32 training accuracy: 0.5355208333333333
At round 32 training loss: 1.8794776617487272
At round 33 accuracy: 0.46863468634686345
At round 33 training accuracy: 0.4969791666666667
At round 33 training loss: 1.7202132441227636
At round 34 accuracy: 0.48800738007380073
At round 34 training accuracy: 0.5138541666666666
At round 34 training loss: 2.2282614733030397
At round 35 accuracy: 0.44280442804428044
At round 35 training accuracy: 0.48041666666666666
At round 35 training loss: 2.226439384371042
At round 36 accuracy: 0.10608856088560886
At round 36 training accuracy: 0.10291666666666667
At round 36 training loss: 2.3256751248985528
At round 37 accuracy: 0.41789667896678967
At round 37 training accuracy: 0.43927083333333333
At round 37 training loss: 1.7539184093351166
At round 38 accuracy: 0.3551660516605166
At round 38 training accuracy: 0.37697916666666664
At round 38 training loss: 2.2580718965580067
At round 39 accuracy: 0.4584870848708487
At round 39 training accuracy: 0.44458333333333333
At round 39 training loss: 2.2401918617635967
At round 40 accuracy: 0.488929889298893
At round 40 training accuracy: 0.5207291666666667
At round 40 training loss: 2.245564016525944
At round 41 accuracy: 0.5101476014760148
At round 41 training accuracy: 0.5009375
At round 41 training loss: 1.850347759462893
At round 42 accuracy: 0.3699261992619926
At round 42 training accuracy: 0.355
At round 42 training loss: 2.2559495192517836
At round 43 accuracy: 0.47509225092250923
At round 43 training accuracy: 0.5016666666666667
At round 43 training loss: 1.7477425890788436
At round 44 accuracy: 0.48154981549815495
At round 44 training accuracy: 0.4663541666666667
At round 44 training loss: 1.7625978441536427
At round 45 accuracy: 0.13745387453874539
At round 45 training accuracy: 0.14322916666666666
At round 45 training loss: 2.29449505555133
At round 46 accuracy: 0.10055350553505535
At round 46 training accuracy: 0.11666666666666667
At round 46 training loss: 2.316502338896195
At round 47 accuracy: 0.11162361623616236
At round 47 training accuracy: 0.11614583333333334
At round 47 training loss: 2.309028090486924
At round 48 accuracy: 0.07564575645756458
At round 48 training accuracy: 0.0603125
At round 48 training loss: 2.325613700101773
At round 49 accuracy: 0.466789667896679
At round 49 training accuracy: 0.4919791666666667
At round 49 training loss: 1.7776954986651738
At round 50 accuracy: 0.42343173431734316
At round 50 training accuracy: 0.45458333333333334
At round 50 training loss: 1.8697532879933716
At round 51 accuracy: 0.3736162361623616
At round 51 training accuracy: 0.38979166666666665
At round 51 training loss: 2.265476016451915
At round 52 accuracy: 0.4511070110701107
At round 52 training accuracy: 0.4775
At round 52 training loss: 2.2378363440930844
At round 53 accuracy: 0.4381918819188192
At round 53 training accuracy: 0.4559375
At round 53 training loss: 1.7624060907587409
At round 54 accuracy: 0.49723247232472323
At round 54 training accuracy: 0.5265625
At round 54 training loss: 2.2229760251690944
At round 55 accuracy: 0.10516605166051661
At round 55 training accuracy: 0.10989583333333333
At round 55 training loss: 2.2958576116214195
At round 56 accuracy: 0.477859778597786
At round 56 training accuracy: 0.5129166666666667
At round 56 training loss: 1.8008953112612167
At round 57 accuracy: 0.09040590405904059
At round 57 training accuracy: 0.0884375
At round 57 training loss: 2.280558210015297
At round 58 accuracy: 0.1282287822878229
At round 58 training accuracy: 0.1334375
At round 58 training loss: 2.3117772103349368
At round 59 accuracy: 0.48985239852398527
At round 59 training accuracy: 0.5242708333333334
At round 59 training loss: 1.7605373640730977
At round 60 accuracy: 0.11992619926199262
At round 60 training accuracy: 0.11166666666666666
At round 60 training loss: 2.290905239780744
At round 61 accuracy: 0.4935424354243542
At round 61 training accuracy: 0.5280208333333334
At round 61 training loss: 1.9292072225610415
At round 62 accuracy: 0.477859778597786
At round 62 training accuracy: 0.4688541666666667
At round 62 training loss: 1.8978531907498837
At round 63 accuracy: 0.41697416974169743
At round 63 training accuracy: 0.4323958333333333
At round 63 training loss: 2.224884714409709
At round 64 accuracy: 0.49723247232472323
At round 64 training accuracy: 0.5289583333333333
At round 64 training loss: 1.762877558444937
At round 65 accuracy: 0.496309963099631
At round 65 training accuracy: 0.508125
At round 65 training loss: 1.8576761853446564
At round 66 accuracy: 0.3625461254612546
At round 66 training accuracy: 0.3815625
At round 66 training loss: 2.2741096189866465
At round 67 accuracy: 0.10608856088560886
At round 67 training accuracy: 0.11083333333333334
At round 67 training loss: 2.314563460548719
At round 68 accuracy: 0.0959409594095941
At round 68 training accuracy: 0.1009375
At round 68 training loss: 2.3453586474557717
At round 69 accuracy: 0.11254612546125461
At round 69 training accuracy: 0.10125
At round 69 training loss: 2.3200582686811684
At round 70 accuracy: 0.47601476014760147
At round 70 training accuracy: 0.5070833333333333
At round 70 training loss: 1.7617602193852266
At round 71 accuracy: 0.4483394833948339
At round 71 training accuracy: 0.48552083333333335
At round 71 training loss: 2.2296748658517997
At round 72 accuracy: 0.5027675276752768
At round 72 training accuracy: 0.52375
At round 72 training loss: 2.238697863395015
At round 73 accuracy: 0.11531365313653137
At round 73 training accuracy: 0.11770833333333333
At round 73 training loss: 2.3343554888417324
At round 74 accuracy: 0.507380073800738
At round 74 training accuracy: 0.5094791666666667
At round 74 training loss: 1.7701701647167405
At round 75 accuracy: 0.06826568265682657
At round 75 training accuracy: 0.07104166666666667
At round 75 training loss: 2.280806388705969
At round 76 accuracy: 0.10239852398523985
At round 76 training accuracy: 0.10875
At round 76 training loss: 2.3400494017700355
At round 77 accuracy: 0.1088560885608856
At round 77 training accuracy: 0.099375
At round 77 training loss: 2.3506035239994527
At round 78 accuracy: 0.5230627306273062
At round 78 training accuracy: 0.5240625
At round 78 training loss: 2.2434395215660334
At round 79 accuracy: 0.5138376383763837
At round 79 training accuracy: 0.5107291666666667
At round 79 training loss: 2.253811835820476
At round 80 accuracy: 0.13560885608856088
At round 80 training accuracy: 0.11854166666666667
At round 80 training loss: 2.309009456858039
At round 81 accuracy: 0.11900369003690037
At round 81 training accuracy: 0.13447916666666668
At round 81 training loss: 2.3110264509667955
At round 82 accuracy: 0.4566420664206642
At round 82 training accuracy: 0.435
At round 82 training loss: 2.2466796659181516
At round 83 accuracy: 0.4843173431734317
At round 83 training accuracy: 0.48260416666666667
At round 83 training loss: 1.761178783600529
At round 84 accuracy: 0.4769372693726937
At round 84 training accuracy: 0.4561458333333333
At round 84 training loss: 1.7474109332511822
At round 85 accuracy: 0.4833948339483395
At round 85 training accuracy: 0.5061458333333333
At round 85 training loss: 2.2445189603666464
At round 86 accuracy: 0.12084870848708487
At round 86 training accuracy: 0.12927083333333333
At round 86 training loss: 2.3231498897075653
At round 87 accuracy: 0.496309963099631
At round 87 training accuracy: 0.483125
At round 87 training loss: 1.7005361652498443
At round 88 accuracy: 0.4474169741697417
At round 88 training accuracy: 0.4671875
At round 88 training loss: 1.9371258864179253
At round 89 accuracy: 0.11254612546125461
At round 89 training accuracy: 0.11010416666666667
At round 89 training loss: 2.2996144560476144
At round 90 accuracy: 0.5101476014760148
At round 90 training accuracy: 0.5215625
At round 90 training loss: 1.803923295388619
At round 91 accuracy: 0.47878228782287824
At round 91 training accuracy: 0.50875
At round 91 training loss: 1.7433934195091327
At round 92 accuracy: 0.37177121771217714
At round 92 training accuracy: 0.39697916666666666
At round 92 training loss: 2.2557004775851963
At round 93 accuracy: 0.08394833948339483
At round 93 training accuracy: 0.08114583333333333
At round 93 training loss: 2.3064082961281143
At round 94 accuracy: 0.06088560885608856
At round 94 training accuracy: 0.0584375
At round 94 training loss: 2.3277448632071414
At round 95 accuracy: 0.09225092250922509
At round 95 training accuracy: 0.08541666666666667
At round 95 training loss: 2.3126830635219813
At round 96 accuracy: 0.06273062730627306
At round 96 training accuracy: 0.07
At round 96 training loss: 2.310105548451344
At round 97 accuracy: 0.13099630996309963
At round 97 training accuracy: 0.13020833333333334
At round 97 training loss: 2.3011100787172714
At round 98 accuracy: 0.42712177121771217
At round 98 training accuracy: 0.44625
At round 98 training loss: 2.2488833733151354
At round 99 accuracy: 0.4870848708487085
At round 99 training accuracy: 0.49302083333333335
At round 99 training loss: 2.2471205108612775
At round 100 accuracy: 0.5138376383763837
At round 100 training accuracy: 0.5480208333333333
At round 100 training loss: 2.2400299711277087
At round 101 accuracy: 0.1429889298892989
At round 101 training accuracy: 0.14083333333333334
At round 101 training loss: 2.322726733858387
At round 102 accuracy: 0.12084870848708487
At round 102 training accuracy: 0.1334375
At round 102 training loss: 2.305145884081721
At round 103 accuracy: 0.09778597785977859
At round 103 training accuracy: 0.109375
At round 103 training loss: 2.3192843456814685
At round 104 accuracy: 0.525830258302583
At round 104 training accuracy: 0.5447916666666667
At round 104 training loss: 1.7458305699874956
At round 105 accuracy: 0.511070110701107
At round 105 training accuracy: 0.5470833333333334
At round 105 training loss: 2.2322253664334615
At round 106 accuracy: 0.1014760147601476
At round 106 training accuracy: 0.10208333333333333
At round 106 training loss: 2.322825785527627
At round 107 accuracy: 0.44649446494464945
At round 107 training accuracy: 0.47041666666666665
At round 107 training loss: 1.7742267809187373
At round 108 accuracy: 0.09317343173431734
At round 108 training accuracy: 0.08291666666666667
At round 108 training loss: 2.278262368887663
At round 109 accuracy: 0.492619926199262
At round 109 training accuracy: 0.4607291666666667
At round 109 training loss: 2.2572967284172774
At round 110 accuracy: 0.11715867158671586
At round 110 training accuracy: 0.13125
At round 110 training loss: 2.30933043760558
At round 111 accuracy: 0.0996309963099631
At round 111 training accuracy: 0.10385416666666666
At round 111 training loss: 2.3040469495455422
At round 112 accuracy: 0.48800738007380073
At round 112 training accuracy: 0.47989583333333335
At round 112 training loss: 2.256988688583175
At round 113 accuracy: 0.48154981549815495
At round 113 training accuracy: 0.516875
At round 113 training loss: 1.799677959556381
At round 114 accuracy: 0.5166051660516605
At round 114 training accuracy: 0.5610416666666667
At round 114 training loss: 2.2874061561127506
At round 115 accuracy: 0.5212177121771218
At round 115 training accuracy: 0.5459375
At round 115 training loss: 1.7772335221866766
At round 116 accuracy: 0.11254612546125461
At round 116 training accuracy: 0.10229166666666667
At round 116 training loss: 2.293823382059733
At round 117 accuracy: 0.09778597785977859
At round 117 training accuracy: 0.08833333333333333
At round 117 training loss: 2.3313834440211454
At round 118 accuracy: 0.39114391143911437
At round 118 training accuracy: 0.4096875
At round 118 training loss: 1.6591542228559653
At round 119 accuracy: 0.39022140221402213
At round 119 training accuracy: 0.4175
At round 119 training loss: 2.2589140345901253
At round 120 accuracy: 0.47509225092250923
At round 120 training accuracy: 0.5040625
At round 120 training loss: 2.2363148390005034
At round 121 accuracy: 0.13653136531365315
At round 121 training accuracy: 0.13229166666666667
At round 121 training loss: 2.3090787782271702
At round 122 accuracy: 0.44003690036900367
At round 122 training accuracy: 0.47
At round 122 training loss: 1.8110971089452506
At round 123 accuracy: 0.12730627306273062
At round 123 training accuracy: 0.11270833333333333
At round 123 training loss: 2.298218944470088
At round 124 accuracy: 0.11531365313653137
At round 124 training accuracy: 0.1284375
At round 124 training loss: 2.317608554859956
At round 125 accuracy: 0.5175276752767528
At round 125 training accuracy: 0.5545833333333333
At round 125 training loss: 1.7871702548861503
At round 126 accuracy: 0.3607011070110701
At round 126 training accuracy: 0.394375
At round 126 training loss: 2.23050062832733
At round 127 accuracy: 0.13745387453874539
At round 127 training accuracy: 0.12083333333333333
At round 127 training loss: 2.3263394254694383
At round 128 accuracy: 0.11531365313653137
At round 128 training accuracy: 0.12322916666666667
At round 128 training loss: 2.308416808024049
At round 129 accuracy: 0.10977859778597786
At round 129 training accuracy: 0.12239583333333333
At round 129 training loss: 2.3168994413067896
At round 130 accuracy: 0.11715867158671586
At round 130 training accuracy: 0.10645833333333334
At round 130 training loss: 2.32244973483185
At round 131 accuracy: 0.41789667896678967
At round 131 training accuracy: 0.4010416666666667
At round 131 training loss: 2.234984590932727
At round 132 accuracy: 0.488929889298893
At round 132 training accuracy: 0.515
At round 132 training loss: 1.7534713168938956
At round 133 accuracy: 0.48247232472324725
At round 133 training accuracy: 0.5114583333333333
At round 133 training loss: 1.6784482066954176
At round 134 accuracy: 0.45387453874538747
At round 134 training accuracy: 0.4842708333333333
At round 134 training loss: 2.2525367137044667
At round 135 accuracy: 0.09686346863468635
At round 135 training accuracy: 0.10802083333333333
At round 135 training loss: 2.315433382242918
At round 136 accuracy: 0.511070110701107
At round 136 training accuracy: 0.5057291666666667
At round 136 training loss: 2.2565798069536687
At round 137 accuracy: 0.07103321033210332
At round 137 training accuracy: 0.06520833333333333
At round 137 training loss: 2.3027541335423787
At round 138 accuracy: 0.5
At round 138 training accuracy: 0.5275
At round 138 training loss: 1.7542318699508905
At round 139 accuracy: 0.5055350553505535
At round 139 training accuracy: 0.5347916666666667
At round 139 training loss: 1.895091464954118
At round 140 accuracy: 0.45387453874538747
At round 140 training accuracy: 0.4426041666666667
At round 140 training loss: 2.2686322551469007
At round 141 accuracy: 0.0996309963099631
At round 141 training accuracy: 0.11
At round 141 training loss: 2.310387716218829
At round 142 accuracy: 0.13653136531365315
At round 142 training accuracy: 0.135625
At round 142 training loss: 2.3188173499455056
At round 143 accuracy: 0.35793357933579334
At round 143 training accuracy: 0.378125
At round 143 training loss: 2.2304885283857585
At round 144 accuracy: 0.10608856088560886
At round 144 training accuracy: 0.11
At round 144 training loss: 2.304241982474923
At round 145 accuracy: 0.3856088560885609
At round 145 training accuracy: 0.4153125
At round 145 training loss: 2.256705180530747
At round 146 accuracy: 0.5064575645756457
At round 146 training accuracy: 0.5380208333333333
At round 146 training loss: 1.6852085943147541
At round 147 accuracy: 0.1014760147601476
At round 147 training accuracy: 0.0990625
At round 147 training loss: 2.2640943500151236
At round 148 accuracy: 0.49538745387453875
At round 148 training accuracy: 0.5319791666666667
At round 148 training loss: 1.6970586370800933
At round 149 accuracy: 0.3994464944649446
At round 149 training accuracy: 0.4146875
At round 149 training loss: 2.245066836376985
At round 150 accuracy: 0.5175276752767528
At round 150 training accuracy: 0.5388541666666666
At round 150 training loss: 1.746581641919911
At round 151 accuracy: 0.470479704797048
At round 151 training accuracy: 0.5029166666666667
At round 151 training loss: 2.243141449590524
At round 152 accuracy: 0.474169741697417
At round 152 training accuracy: 0.4790625
At round 152 training loss: 1.7835325265054902
At round 153 accuracy: 0.522140221402214
At round 153 training accuracy: 0.5441666666666667
At round 153 training loss: 2.226208397373557
At round 154 accuracy: 0.4077490774907749
At round 154 training accuracy: 0.430625
At round 154 training loss: 2.245246789827943
At round 155 accuracy: 0.12638376383763839
At round 155 training accuracy: 0.1159375
At round 155 training loss: 2.3147835590442023
At round 156 accuracy: 0.4418819188191882
At round 156 training accuracy: 0.46010416666666665
At round 156 training loss: 2.260890638877948
At round 157 accuracy: 0.4040590405904059
At round 157 training accuracy: 0.42822916666666666
At round 157 training loss: 2.313088334252437
At round 158 accuracy: 0.4317343173431734
At round 158 training accuracy: 0.44729166666666664
At round 158 training loss: 2.249365206360817
At round 159 accuracy: 0.44280442804428044
At round 159 training accuracy: 0.47625
At round 159 training loss: 2.2613215171794097
At round 160 accuracy: 0.13745387453874539
At round 160 training accuracy: 0.1428125
At round 160 training loss: 2.296299366677801
At round 161 accuracy: 0.08210332103321033
At round 161 training accuracy: 0.0765625
At round 161 training loss: 2.324317142168681
At round 162 accuracy: 0.5
At round 162 training accuracy: 0.5352083333333333
At round 162 training loss: 2.233236060291529
At round 163 accuracy: 0.4446494464944649
At round 163 training accuracy: 0.4241666666666667
At round 163 training loss: 1.7416184862206379
At round 164 accuracy: 0.4870848708487085
At round 164 training accuracy: 0.5240625
At round 164 training loss: 1.9232556710764765
At round 165 accuracy: 0.3773062730627306
At round 165 training accuracy: 0.39979166666666666
At round 165 training loss: 2.2708363622178633
At round 166 accuracy: 0.08487084870848709
At round 166 training accuracy: 0.09354166666666666
At round 166 training loss: 2.2913887675106523
At round 167 accuracy: 0.47878228782287824
At round 167 training accuracy: 0.5183333333333333
At round 167 training loss: 2.2288846093416215
At round 168 accuracy: 0.5009225092250923
At round 168 training accuracy: 0.5303125
At round 168 training loss: 2.2398239172250034
At round 169 accuracy: 0.4907749077490775
At round 169 training accuracy: 0.5165625
At round 169 training loss: 1.9313739877318343
At round 170 accuracy: 0.5055350553505535
At round 170 training accuracy: 0.5307291666666667
At round 170 training loss: 1.813947993963957
At round 171 accuracy: 0.3662361623616236
At round 171 training accuracy: 0.395625
At round 171 training loss: 2.2699551704525947
At round 172 accuracy: 0.37177121771217714
At round 172 training accuracy: 0.3628125
At round 172 training loss: 2.266545813952883
At round 173 accuracy: 0.11070110701107011
At round 173 training accuracy: 0.11583333333333333
At round 173 training loss: 2.3154002001881597
At round 174 accuracy: 0.48247232472324725
At round 174 training accuracy: 0.4696875
At round 174 training loss: 1.8169096814841033
At round 175 accuracy: 0.1033210332103321
At round 175 training accuracy: 0.10958333333333334
At round 175 training loss: 2.2810034764061373
At round 176 accuracy: 0.4584870848708487
At round 176 training accuracy: 0.4947916666666667
At round 176 training loss: 1.7629466638962428
At round 177 accuracy: 0.3856088560885609
At round 177 training accuracy: 0.40572916666666664
At round 177 training loss: 2.2613871779044468
At round 178 accuracy: 0.08579335793357934
At round 178 training accuracy: 0.08104166666666666
At round 178 training loss: 2.308138287812471
At round 179 accuracy: 0.10608856088560886
At round 179 training accuracy: 0.10010416666666666
At round 179 training loss: 2.325355020985007
At round 180 accuracy: 0.4732472324723247
At round 180 training accuracy: 0.5005208333333333
At round 180 training loss: 1.7923915385951599
At round 181 accuracy: 0.4326568265682657
At round 181 training accuracy: 0.44979166666666665
At round 181 training loss: 1.6715196084727844
At round 182 accuracy: 0.4981549815498155
At round 182 training accuracy: 0.5217708333333333
At round 182 training loss: 1.795508949123323
At round 183 accuracy: 0.492619926199262
At round 183 training accuracy: 0.5173958333333334
At round 183 training loss: 1.727162104807794
At round 184 accuracy: 0.470479704797048
At round 184 training accuracy: 0.45645833333333335
At round 184 training loss: 1.7441932102913658
At round 185 accuracy: 0.08948339483394833
At round 185 training accuracy: 0.09510416666666667
At round 185 training loss: 2.2777002690235775
At round 186 accuracy: 0.3800738007380074
At round 186 training accuracy: 0.3695833333333333
At round 186 training loss: 1.6973820877199373
At round 187 accuracy: 0.10608856088560886
At round 187 training accuracy: 0.1021875
At round 187 training loss: 2.2848078516870736
At round 188 accuracy: 0.1088560885608856
At round 188 training accuracy: 0.10458333333333333
At round 188 training loss: 2.319520040998856
At round 189 accuracy: 0.07933579335793357
At round 189 training accuracy: 0.0734375
At round 189 training loss: 2.3018630855033795
At round 190 accuracy: 0.08856088560885608
At round 190 training accuracy: 0.08604166666666667
At round 190 training loss: 2.2976650612056257
At round 191 accuracy: 0.38099630996309963
At round 191 training accuracy: 0.4034375
At round 191 training loss: 2.2444571675608556
At round 192 accuracy: 0.10424354243542436
At round 192 training accuracy: 0.11614583333333334
At round 192 training loss: 2.3160950601100923
At round 193 accuracy: 0.10055350553505535
At round 193 training accuracy: 0.1153125
At round 193 training loss: 2.262166392703851
At round 194 accuracy: 0.48247232472324725
At round 194 training accuracy: 0.5111458333333333
At round 194 training loss: 1.885364381124576
At round 195 accuracy: 0.46863468634686345
At round 195 training accuracy: 0.5016666666666667
At round 195 training loss: 2.2247458609690267
At round 196 accuracy: 0.43726937269372695
At round 196 training accuracy: 0.4521875
At round 196 training loss: 2.230205395842592
At round 197 accuracy: 0.10793357933579335
At round 197 training accuracy: 0.09395833333333334
At round 197 training loss: 2.3036247573047874
At round 198 accuracy: 0.09778597785977859
At round 198 training accuracy: 0.10072916666666666
At round 198 training loss: 2.327262879113356
At round 199 accuracy: 0.47232472324723246
At round 199 training accuracy: 0.5010416666666667
At round 199 training loss: 2.2271640349427857
At round 200 accuracy: 0.492619926199262
At round 200 training accuracy: 0.5241666666666667
